{"/home/lucas/Documentos/projetos/modelagem-dominio/timebudget/drizzle.config.ts": {"path":"/home/lucas/Documentos/projetos/modelagem-dominio/timebudget/drizzle.config.ts","all":true,"statementMap":{"0":{"start":{"line":1,"column":0},"end":{"line":1,"column":43}},"1":{"start":{"line":2,"column":0},"end":{"line":2,"column":38}},"3":{"start":{"line":4,"column":0},"end":{"line":4,"column":29}},"4":{"start":{"line":5,"column":0},"end":{"line":5,"column":56}},"5":{"start":{"line":6,"column":0},"end":{"line":6,"column":23}},"6":{"start":{"line":7,"column":0},"end":{"line":7,"column":61}},"7":{"start":{"line":8,"column":0},"end":{"line":8,"column":50}},"8":{"start":{"line":9,"column":0},"end":{"line":9,"column":18}},"9":{"start":{"line":10,"column":0},"end":{"line":10,"column":26}},"10":{"start":{"line":11,"column":0},"end":{"line":11,"column":3}},"11":{"start":{"line":12,"column":0},"end":{"line":12,"column":2}}},"s":{"0":0,"1":0,"3":0,"4":0,"5":0,"6":0,"7":0,"8":0,"9":0,"10":0,"11":0},"branchMap":{"0":{"type":"branch","line":1,"loc":{"start":{"line":1,"column":360},"end":{"line":12,"column":2}},"locations":[{"start":{"line":1,"column":360},"end":{"line":12,"column":2}}]}},"b":{"0":[0]},"fnMap":{"0":{"name":"(empty-report)","decl":{"start":{"line":1,"column":360},"end":{"line":12,"column":2}},"loc":{"start":{"line":1,"column":360},"end":{"line":12,"column":2}},"line":1}},"f":{"0":0}}
,"/home/lucas/Documentos/projetos/modelagem-dominio/timebudget/src/app.ts": {"path":"/home/lucas/Documentos/projetos/modelagem-dominio/timebudget/src/app.ts","all":true,"statementMap":{"0":{"start":{"line":1,"column":0},"end":{"line":1,"column":30}},"1":{"start":{"line":2,"column":0},"end":{"line":2,"column":28}},"2":{"start":{"line":3,"column":0},"end":{"line":3,"column":16}},"5":{"start":{"line":6,"column":0},"end":{"line":6,"column":22}},"6":{"start":{"line":7,"column":0},"end":{"line":7,"column":24}},"10":{"start":{"line":11,"column":0},"end":{"line":11,"column":29}},"11":{"start":{"line":12,"column":0},"end":{"line":12,"column":27}},"12":{"start":{"line":13,"column":0},"end":{"line":13,"column":2}},"20":{"start":{"line":21,"column":0},"end":{"line":21,"column":29}},"22":{"start":{"line":23,"column":0},"end":{"line":23,"column":24}},"23":{"start":{"line":24,"column":0},"end":{"line":24,"column":46}},"24":{"start":{"line":25,"column":0},"end":{"line":25,"column":2}}},"s":{"0":0,"1":0,"2":0,"5":0,"6":0,"10":0,"11":0,"12":0,"20":0,"22":0,"23":0,"24":0},"branchMap":{"0":{"type":"branch","line":1,"loc":{"start":{"line":1,"column":0},"end":{"line":25,"column":-189}},"locations":[{"start":{"line":1,"column":0},"end":{"line":25,"column":-189}}]}},"b":{"0":[0]},"fnMap":{"0":{"name":"(empty-report)","decl":{"start":{"line":1,"column":0},"end":{"line":25,"column":-189}},"loc":{"start":{"line":1,"column":0},"end":{"line":25,"column":-189}},"line":1}},"f":{"0":0}}
,"/home/lucas/Documentos/projetos/modelagem-dominio/timebudget/src/constants/Erros.ts": {"path":"/home/lucas/Documentos/projetos/modelagem-dominio/timebudget/src/constants/Erros.ts","all":false,"statementMap":{"0":{"start":{"line":1,"column":0},"end":{"line":1,"column":22}},"1":{"start":{"line":2,"column":0},"end":{"line":2,"column":63}},"2":{"start":{"line":3,"column":0},"end":{"line":3,"column":52}},"3":{"start":{"line":4,"column":0},"end":{"line":4,"column":56}},"4":{"start":{"line":5,"column":0},"end":{"line":5,"column":41}},"5":{"start":{"line":6,"column":0},"end":{"line":6,"column":53}},"6":{"start":{"line":7,"column":0},"end":{"line":7,"column":51}},"7":{"start":{"line":8,"column":0},"end":{"line":8,"column":1}}},"s":{"0":1,"1":1,"2":1,"3":1,"4":1,"5":1,"6":1,"7":1},"branchMap":{},"b":{},"fnMap":{},"f":{}}
,"/home/lucas/Documentos/projetos/modelagem-dominio/timebudget/src/constants/Status.ts": {"path":"/home/lucas/Documentos/projetos/modelagem-dominio/timebudget/src/constants/Status.ts","all":true,"statementMap":{"0":{"start":{"line":1,"column":0},"end":{"line":1,"column":20}},"1":{"start":{"line":2,"column":0},"end":{"line":2,"column":22}},"2":{"start":{"line":3,"column":0},"end":{"line":3,"column":22}},"3":{"start":{"line":4,"column":0},"end":{"line":4,"column":20}},"4":{"start":{"line":5,"column":0},"end":{"line":5,"column":30}}},"s":{"0":0,"1":0,"2":0,"3":0,"4":0},"branchMap":{"0":{"type":"branch","line":1,"loc":{"start":{"line":1,"column":120},"end":{"line":6,"column":1}},"locations":[{"start":{"line":1,"column":120},"end":{"line":6,"column":1}}]}},"b":{"0":[0]},"fnMap":{"0":{"name":"(empty-report)","decl":{"start":{"line":1,"column":120},"end":{"line":6,"column":1}},"loc":{"start":{"line":1,"column":120},"end":{"line":6,"column":1}},"line":1}},"f":{"0":0}}
,"/home/lucas/Documentos/projetos/modelagem-dominio/timebudget/src/constants/Table.ts": {"path":"/home/lucas/Documentos/projetos/modelagem-dominio/timebudget/src/constants/Table.ts","all":true,"statementMap":{"0":{"start":{"line":1,"column":0},"end":{"line":1,"column":22}},"1":{"start":{"line":2,"column":0},"end":{"line":2,"column":21}},"2":{"start":{"line":3,"column":0},"end":{"line":3,"column":23}},"3":{"start":{"line":4,"column":0},"end":{"line":4,"column":21}},"4":{"start":{"line":5,"column":0},"end":{"line":5,"column":23}},"5":{"start":{"line":6,"column":0},"end":{"line":6,"column":19}},"6":{"start":{"line":7,"column":0},"end":{"line":7,"column":1}}},"s":{"0":0,"1":0,"2":0,"3":0,"4":0,"5":0,"6":0},"branchMap":{"0":{"type":"branch","line":1,"loc":{"start":{"line":1,"column":136},"end":{"line":7,"column":1}},"locations":[{"start":{"line":1,"column":136},"end":{"line":7,"column":1}}]}},"b":{"0":[0]},"fnMap":{"0":{"name":"(empty-report)","decl":{"start":{"line":1,"column":136},"end":{"line":7,"column":1}},"loc":{"start":{"line":1,"column":136},"end":{"line":7,"column":1}},"line":1}},"f":{"0":0}}
,"/home/lucas/Documentos/projetos/modelagem-dominio/timebudget/src/contexts/basic/domain/aggregates/Budget.ts": {"path":"/home/lucas/Documentos/projetos/modelagem-dominio/timebudget/src/contexts/basic/domain/aggregates/Budget.ts","all":true,"statementMap":{"4":{"start":{"line":5,"column":0},"end":{"line":5,"column":53}},"6":{"start":{"line":7,"column":0},"end":{"line":7,"column":21}},"8":{"start":{"line":9,"column":0},"end":{"line":9,"column":65}},"11":{"start":{"line":12,"column":0},"end":{"line":12,"column":75}},"12":{"start":{"line":13,"column":0},"end":{"line":13,"column":34}},"13":{"start":{"line":14,"column":0},"end":{"line":14,"column":30}},"17":{"start":{"line":18,"column":0},"end":{"line":18,"column":14}},"18":{"start":{"line":19,"column":0},"end":{"line":19,"column":19}},"19":{"start":{"line":20,"column":0},"end":{"line":20,"column":21}},"20":{"start":{"line":21,"column":0},"end":{"line":21,"column":22}},"21":{"start":{"line":22,"column":0},"end":{"line":22,"column":22}},"22":{"start":{"line":23,"column":0},"end":{"line":23,"column":24}},"23":{"start":{"line":24,"column":0},"end":{"line":24,"column":20}},"24":{"start":{"line":25,"column":0},"end":{"line":25,"column":16}},"25":{"start":{"line":26,"column":0},"end":{"line":26,"column":5}},"26":{"start":{"line":27,"column":0},"end":{"line":27,"column":31}},"27":{"start":{"line":28,"column":0},"end":{"line":28,"column":33}},"28":{"start":{"line":29,"column":0},"end":{"line":29,"column":34}},"29":{"start":{"line":30,"column":0},"end":{"line":30,"column":30}},"30":{"start":{"line":31,"column":0},"end":{"line":31,"column":30}},"31":{"start":{"line":32,"column":0},"end":{"line":32,"column":30}},"32":{"start":{"line":33,"column":0},"end":{"line":33,"column":16}},"33":{"start":{"line":34,"column":0},"end":{"line":34,"column":86}},"34":{"start":{"line":35,"column":0},"end":{"line":35,"column":3}},"36":{"start":{"line":37,"column":0},"end":{"line":37,"column":31}},"37":{"start":{"line":38,"column":0},"end":{"line":38,"column":18}},"38":{"start":{"line":39,"column":0},"end":{"line":39,"column":3}},"39":{"start":{"line":40,"column":0},"end":{"line":40,"column":23}},"40":{"start":{"line":41,"column":0},"end":{"line":41,"column":22}},"41":{"start":{"line":42,"column":0},"end":{"line":42,"column":3}},"42":{"start":{"line":43,"column":0},"end":{"line":43,"column":23}},"43":{"start":{"line":44,"column":0},"end":{"line":44,"column":22}},"44":{"start":{"line":45,"column":0},"end":{"line":45,"column":3}},"45":{"start":{"line":46,"column":0},"end":{"line":46,"column":25}},"46":{"start":{"line":47,"column":0},"end":{"line":47,"column":23}},"47":{"start":{"line":48,"column":0},"end":{"line":48,"column":3}},"48":{"start":{"line":49,"column":0},"end":{"line":49,"column":40}},"49":{"start":{"line":50,"column":0},"end":{"line":50,"column":24}},"50":{"start":{"line":51,"column":0},"end":{"line":51,"column":3}},"51":{"start":{"line":52,"column":0},"end":{"line":52,"column":36}},"52":{"start":{"line":53,"column":0},"end":{"line":53,"column":22}},"53":{"start":{"line":54,"column":0},"end":{"line":54,"column":3}},"54":{"start":{"line":55,"column":0},"end":{"line":55,"column":28}},"55":{"start":{"line":56,"column":0},"end":{"line":56,"column":27}},"56":{"start":{"line":57,"column":0},"end":{"line":57,"column":3}},"57":{"start":{"line":58,"column":0},"end":{"line":58,"column":26}},"58":{"start":{"line":59,"column":0},"end":{"line":59,"column":25}},"59":{"start":{"line":60,"column":0},"end":{"line":60,"column":3}},"60":{"start":{"line":61,"column":0},"end":{"line":61,"column":26}},"61":{"start":{"line":62,"column":0},"end":{"line":62,"column":25}},"62":{"start":{"line":63,"column":0},"end":{"line":63,"column":3}},"65":{"start":{"line":66,"column":0},"end":{"line":66,"column":45}},"66":{"start":{"line":67,"column":0},"end":{"line":67,"column":33}},"68":{"start":{"line":69,"column":0},"end":{"line":69,"column":83}},"69":{"start":{"line":70,"column":0},"end":{"line":70,"column":26}},"70":{"start":{"line":71,"column":0},"end":{"line":71,"column":68}},"71":{"start":{"line":72,"column":0},"end":{"line":72,"column":5}},"73":{"start":{"line":74,"column":0},"end":{"line":74,"column":32}},"74":{"start":{"line":75,"column":0},"end":{"line":75,"column":32}},"75":{"start":{"line":76,"column":0},"end":{"line":76,"column":3}},"77":{"start":{"line":78,"column":0},"end":{"line":78,"column":49}},"78":{"start":{"line":79,"column":0},"end":{"line":79,"column":33}},"80":{"start":{"line":81,"column":0},"end":{"line":81,"column":77}},"81":{"start":{"line":82,"column":0},"end":{"line":82,"column":27}},"82":{"start":{"line":83,"column":0},"end":{"line":83,"column":61}},"83":{"start":{"line":84,"column":0},"end":{"line":84,"column":5}},"85":{"start":{"line":86,"column":0},"end":{"line":86,"column":83}},"86":{"start":{"line":87,"column":0},"end":{"line":87,"column":32}},"87":{"start":{"line":88,"column":0},"end":{"line":88,"column":3}},"89":{"start":{"line":90,"column":0},"end":{"line":90,"column":72}},"90":{"start":{"line":91,"column":0},"end":{"line":91,"column":33}},"92":{"start":{"line":93,"column":0},"end":{"line":93,"column":81}},"93":{"start":{"line":94,"column":0},"end":{"line":94,"column":19}},"94":{"start":{"line":95,"column":0},"end":{"line":95,"column":48}},"95":{"start":{"line":96,"column":0},"end":{"line":96,"column":5}},"97":{"start":{"line":98,"column":0},"end":{"line":98,"column":38}},"100":{"start":{"line":101,"column":0},"end":{"line":101,"column":32}},"101":{"start":{"line":102,"column":0},"end":{"line":102,"column":3}},"104":{"start":{"line":105,"column":0},"end":{"line":105,"column":78}},"105":{"start":{"line":106,"column":0},"end":{"line":106,"column":33}},"107":{"start":{"line":108,"column":0},"end":{"line":108,"column":81}},"108":{"start":{"line":109,"column":0},"end":{"line":109,"column":19}},"109":{"start":{"line":110,"column":0},"end":{"line":110,"column":48}},"110":{"start":{"line":111,"column":0},"end":{"line":111,"column":5}},"112":{"start":{"line":113,"column":0},"end":{"line":113,"column":40}},"115":{"start":{"line":116,"column":0},"end":{"line":116,"column":32}},"116":{"start":{"line":117,"column":0},"end":{"line":117,"column":3}},"119":{"start":{"line":120,"column":0},"end":{"line":120,"column":67}},"121":{"start":{"line":122,"column":0},"end":{"line":122,"column":33}},"124":{"start":{"line":125,"column":0},"end":{"line":125,"column":81}},"125":{"start":{"line":126,"column":0},"end":{"line":126,"column":19}},"126":{"start":{"line":127,"column":0},"end":{"line":127,"column":48}},"127":{"start":{"line":128,"column":0},"end":{"line":128,"column":5}},"129":{"start":{"line":130,"column":0},"end":{"line":130,"column":28}},"132":{"start":{"line":133,"column":0},"end":{"line":133,"column":32}},"133":{"start":{"line":134,"column":0},"end":{"line":134,"column":3}},"135":{"start":{"line":136,"column":0},"end":{"line":136,"column":73}},"136":{"start":{"line":137,"column":0},"end":{"line":137,"column":33}},"138":{"start":{"line":139,"column":0},"end":{"line":139,"column":81}},"139":{"start":{"line":140,"column":0},"end":{"line":140,"column":19}},"140":{"start":{"line":141,"column":0},"end":{"line":141,"column":48}},"141":{"start":{"line":142,"column":0},"end":{"line":142,"column":5}},"142":{"start":{"line":143,"column":0},"end":{"line":143,"column":33}},"143":{"start":{"line":144,"column":0},"end":{"line":144,"column":32}},"144":{"start":{"line":145,"column":0},"end":{"line":145,"column":3}},"147":{"start":{"line":148,"column":0},"end":{"line":148,"column":102}},"148":{"start":{"line":149,"column":0},"end":{"line":149,"column":33}},"150":{"start":{"line":151,"column":0},"end":{"line":151,"column":81}},"151":{"start":{"line":152,"column":0},"end":{"line":152,"column":19}},"152":{"start":{"line":153,"column":0},"end":{"line":153,"column":48}},"153":{"start":{"line":154,"column":0},"end":{"line":154,"column":5}},"155":{"start":{"line":156,"column":0},"end":{"line":156,"column":80}},"156":{"start":{"line":157,"column":0},"end":{"line":157,"column":17}},"157":{"start":{"line":158,"column":0},"end":{"line":158,"column":56}},"158":{"start":{"line":159,"column":0},"end":{"line":159,"column":5}},"161":{"start":{"line":162,"column":0},"end":{"line":162,"column":38}},"164":{"start":{"line":165,"column":0},"end":{"line":165,"column":32}},"165":{"start":{"line":166,"column":0},"end":{"line":166,"column":3}},"167":{"start":{"line":168,"column":0},"end":{"line":168,"column":96}},"168":{"start":{"line":169,"column":0},"end":{"line":169,"column":33}},"170":{"start":{"line":171,"column":0},"end":{"line":171,"column":81}},"171":{"start":{"line":172,"column":0},"end":{"line":172,"column":19}},"172":{"start":{"line":173,"column":0},"end":{"line":173,"column":48}},"173":{"start":{"line":174,"column":0},"end":{"line":174,"column":5}},"175":{"start":{"line":176,"column":0},"end":{"line":176,"column":80}},"176":{"start":{"line":177,"column":0},"end":{"line":177,"column":17}},"177":{"start":{"line":178,"column":0},"end":{"line":178,"column":56}},"178":{"start":{"line":179,"column":0},"end":{"line":179,"column":5}},"181":{"start":{"line":182,"column":0},"end":{"line":182,"column":36}},"184":{"start":{"line":185,"column":0},"end":{"line":185,"column":32}},"185":{"start":{"line":186,"column":0},"end":{"line":186,"column":3}},"188":{"start":{"line":189,"column":0},"end":{"line":189,"column":39}},"189":{"start":{"line":190,"column":0},"end":{"line":190,"column":33}},"191":{"start":{"line":192,"column":0},"end":{"line":192,"column":77}},"192":{"start":{"line":193,"column":0},"end":{"line":193,"column":24}},"193":{"start":{"line":194,"column":0},"end":{"line":194,"column":65}},"194":{"start":{"line":195,"column":0},"end":{"line":195,"column":5}},"195":{"start":{"line":196,"column":0},"end":{"line":196,"column":28}},"196":{"start":{"line":197,"column":0},"end":{"line":197,"column":32}},"197":{"start":{"line":198,"column":0},"end":{"line":198,"column":3}},"199":{"start":{"line":200,"column":0},"end":{"line":200,"column":45}},"200":{"start":{"line":201,"column":0},"end":{"line":201,"column":33}},"202":{"start":{"line":203,"column":0},"end":{"line":203,"column":79}},"203":{"start":{"line":204,"column":0},"end":{"line":204,"column":25}},"204":{"start":{"line":205,"column":0},"end":{"line":205,"column":58}},"205":{"start":{"line":206,"column":0},"end":{"line":206,"column":5}},"206":{"start":{"line":207,"column":0},"end":{"line":207,"column":73}},"207":{"start":{"line":208,"column":0},"end":{"line":208,"column":32}},"208":{"start":{"line":209,"column":0},"end":{"line":209,"column":3}},"211":{"start":{"line":212,"column":0},"end":{"line":212,"column":68}},"212":{"start":{"line":213,"column":0},"end":{"line":213,"column":33}},"214":{"start":{"line":215,"column":0},"end":{"line":215,"column":71}},"215":{"start":{"line":216,"column":0},"end":{"line":216,"column":17}},"216":{"start":{"line":217,"column":0},"end":{"line":217,"column":45}},"217":{"start":{"line":218,"column":0},"end":{"line":218,"column":5}},"219":{"start":{"line":220,"column":0},"end":{"line":220,"column":36}},"222":{"start":{"line":223,"column":0},"end":{"line":223,"column":32}},"223":{"start":{"line":224,"column":0},"end":{"line":224,"column":3}},"225":{"start":{"line":226,"column":0},"end":{"line":226,"column":74}},"226":{"start":{"line":227,"column":0},"end":{"line":227,"column":33}},"228":{"start":{"line":229,"column":0},"end":{"line":229,"column":71}},"229":{"start":{"line":230,"column":0},"end":{"line":230,"column":17}},"230":{"start":{"line":231,"column":0},"end":{"line":231,"column":45}},"231":{"start":{"line":232,"column":0},"end":{"line":232,"column":5}},"233":{"start":{"line":234,"column":0},"end":{"line":234,"column":38}},"236":{"start":{"line":237,"column":0},"end":{"line":237,"column":32}},"237":{"start":{"line":238,"column":0},"end":{"line":238,"column":3}},"240":{"start":{"line":241,"column":0},"end":{"line":241,"column":48}},"241":{"start":{"line":242,"column":0},"end":{"line":242,"column":33}},"242":{"start":{"line":243,"column":0},"end":{"line":243,"column":34}},"243":{"start":{"line":244,"column":0},"end":{"line":244,"column":3}},"246":{"start":{"line":247,"column":0},"end":{"line":247,"column":45}},"247":{"start":{"line":248,"column":0},"end":{"line":248,"column":33}},"248":{"start":{"line":249,"column":0},"end":{"line":249,"column":32}},"249":{"start":{"line":250,"column":0},"end":{"line":250,"column":3}},"251":{"start":{"line":252,"column":0},"end":{"line":252,"column":26}},"252":{"start":{"line":253,"column":0},"end":{"line":253,"column":33}},"253":{"start":{"line":254,"column":0},"end":{"line":254,"column":41}},"254":{"start":{"line":255,"column":0},"end":{"line":255,"column":47}},"255":{"start":{"line":256,"column":0},"end":{"line":256,"column":5}},"256":{"start":{"line":257,"column":0},"end":{"line":257,"column":33}},"257":{"start":{"line":258,"column":0},"end":{"line":258,"column":3}},"259":{"start":{"line":260,"column":0},"end":{"line":260,"column":25}},"260":{"start":{"line":261,"column":0},"end":{"line":261,"column":33}},"261":{"start":{"line":262,"column":0},"end":{"line":262,"column":40}},"262":{"start":{"line":263,"column":0},"end":{"line":263,"column":48}},"263":{"start":{"line":264,"column":0},"end":{"line":264,"column":5}},"264":{"start":{"line":265,"column":0},"end":{"line":265,"column":32}},"265":{"start":{"line":266,"column":0},"end":{"line":266,"column":3}},"267":{"start":{"line":268,"column":0},"end":{"line":268,"column":48}},"268":{"start":{"line":269,"column":0},"end":{"line":269,"column":24}},"269":{"start":{"line":270,"column":0},"end":{"line":270,"column":73}},"270":{"start":{"line":271,"column":0},"end":{"line":271,"column":5}},"271":{"start":{"line":272,"column":0},"end":{"line":272,"column":25}},"272":{"start":{"line":273,"column":0},"end":{"line":273,"column":3}},"274":{"start":{"line":275,"column":0},"end":{"line":275,"column":51}},"275":{"start":{"line":276,"column":0},"end":{"line":276,"column":25}},"276":{"start":{"line":277,"column":0},"end":{"line":277,"column":73}},"277":{"start":{"line":278,"column":0},"end":{"line":278,"column":5}},"278":{"start":{"line":279,"column":0},"end":{"line":279,"column":27}},"279":{"start":{"line":280,"column":0},"end":{"line":280,"column":3}},"281":{"start":{"line":282,"column":0},"end":{"line":282,"column":41}},"282":{"start":{"line":283,"column":0},"end":{"line":283,"column":41}},"283":{"start":{"line":284,"column":0},"end":{"line":284,"column":74}},"284":{"start":{"line":285,"column":0},"end":{"line":285,"column":5}},"285":{"start":{"line":286,"column":0},"end":{"line":286,"column":3}},"287":{"start":{"line":288,"column":0},"end":{"line":288,"column":40}},"288":{"start":{"line":289,"column":0},"end":{"line":289,"column":18}},"289":{"start":{"line":290,"column":0},"end":{"line":290,"column":24}},"290":{"start":{"line":291,"column":0},"end":{"line":291,"column":111}},"291":{"start":{"line":292,"column":0},"end":{"line":292,"column":5}},"292":{"start":{"line":293,"column":0},"end":{"line":293,"column":22}},"293":{"start":{"line":294,"column":0},"end":{"line":294,"column":103}},"294":{"start":{"line":295,"column":0},"end":{"line":295,"column":5}},"296":{"start":{"line":297,"column":0},"end":{"line":297,"column":29}},"297":{"start":{"line":298,"column":0},"end":{"line":298,"column":3}},"298":{"start":{"line":299,"column":0},"end":{"line":299,"column":1}}},"s":{"4":0,"6":0,"8":0,"11":0,"12":0,"13":0,"17":0,"18":0,"19":0,"20":0,"21":0,"22":0,"23":0,"24":0,"25":0,"26":0,"27":0,"28":0,"29":0,"30":0,"31":0,"32":0,"33":0,"34":0,"36":0,"37":0,"38":0,"39":0,"40":0,"41":0,"42":0,"43":0,"44":0,"45":0,"46":0,"47":0,"48":0,"49":0,"50":0,"51":0,"52":0,"53":0,"54":0,"55":0,"56":0,"57":0,"58":0,"59":0,"60":0,"61":0,"62":0,"65":0,"66":0,"68":0,"69":0,"70":0,"71":0,"73":0,"74":0,"75":0,"77":0,"78":0,"80":0,"81":0,"82":0,"83":0,"85":0,"86":0,"87":0,"89":0,"90":0,"92":0,"93":0,"94":0,"95":0,"97":0,"100":0,"101":0,"104":0,"105":0,"107":0,"108":0,"109":0,"110":0,"112":0,"115":0,"116":0,"119":0,"121":0,"124":0,"125":0,"126":0,"127":0,"129":0,"132":0,"133":0,"135":0,"136":0,"138":0,"139":0,"140":0,"141":0,"142":0,"143":0,"144":0,"147":0,"148":0,"150":0,"151":0,"152":0,"153":0,"155":0,"156":0,"157":0,"158":0,"161":0,"164":0,"165":0,"167":0,"168":0,"170":0,"171":0,"172":0,"173":0,"175":0,"176":0,"177":0,"178":0,"181":0,"184":0,"185":0,"188":0,"189":0,"191":0,"192":0,"193":0,"194":0,"195":0,"196":0,"197":0,"199":0,"200":0,"202":0,"203":0,"204":0,"205":0,"206":0,"207":0,"208":0,"211":0,"212":0,"214":0,"215":0,"216":0,"217":0,"219":0,"222":0,"223":0,"225":0,"226":0,"228":0,"229":0,"230":0,"231":0,"233":0,"236":0,"237":0,"240":0,"241":0,"242":0,"243":0,"246":0,"247":0,"248":0,"249":0,"251":0,"252":0,"253":0,"254":0,"255":0,"256":0,"257":0,"259":0,"260":0,"261":0,"262":0,"263":0,"264":0,"265":0,"267":0,"268":0,"269":0,"270":0,"271":0,"272":0,"274":0,"275":0,"276":0,"277":0,"278":0,"279":0,"281":0,"282":0,"283":0,"284":0,"285":0,"287":0,"288":0,"289":0,"290":0,"291":0,"292":0,"293":0,"294":0,"296":0,"297":0,"298":0},"branchMap":{"0":{"type":"branch","line":1,"loc":{"start":{"line":1,"column":8510},"end":{"line":299,"column":1}},"locations":[{"start":{"line":1,"column":8510},"end":{"line":299,"column":1}}]}},"b":{"0":[1]},"fnMap":{"0":{"name":"(empty-report)","decl":{"start":{"line":1,"column":8510},"end":{"line":299,"column":1}},"loc":{"start":{"line":1,"column":8510},"end":{"line":299,"column":1}},"line":1}},"f":{"0":1}}
,"/home/lucas/Documentos/projetos/modelagem-dominio/timebudget/src/contexts/basic/domain/dto/Budget.ts": {"path":"/home/lucas/Documentos/projetos/modelagem-dominio/timebudget/src/contexts/basic/domain/dto/Budget.ts","all":true,"statementMap":{},"s":{},"branchMap":{"0":{"type":"branch","line":1,"loc":{"start":{"line":1,"column":221},"end":{"line":9,"column":1}},"locations":[{"start":{"line":1,"column":221},"end":{"line":9,"column":1}}]}},"b":{"0":[1]},"fnMap":{"0":{"name":"(empty-report)","decl":{"start":{"line":1,"column":221},"end":{"line":9,"column":1}},"loc":{"start":{"line":1,"column":221},"end":{"line":9,"column":1}},"line":1}},"f":{"0":1}}
,"/home/lucas/Documentos/projetos/modelagem-dominio/timebudget/src/contexts/basic/domain/dto/Client.ts": {"path":"/home/lucas/Documentos/projetos/modelagem-dominio/timebudget/src/contexts/basic/domain/dto/Client.ts","all":true,"statementMap":{},"s":{},"branchMap":{"0":{"type":"branch","line":1,"loc":{"start":{"line":1,"column":148},"end":{"line":9,"column":1}},"locations":[{"start":{"line":1,"column":148},"end":{"line":9,"column":1}}]}},"b":{"0":[1]},"fnMap":{"0":{"name":"(empty-report)","decl":{"start":{"line":1,"column":148},"end":{"line":9,"column":1}},"loc":{"start":{"line":1,"column":148},"end":{"line":9,"column":1}},"line":1}},"f":{"0":1}}
,"/home/lucas/Documentos/projetos/modelagem-dominio/timebudget/src/contexts/basic/domain/dto/Vehicle.ts": {"path":"/home/lucas/Documentos/projetos/modelagem-dominio/timebudget/src/contexts/basic/domain/dto/Vehicle.ts","all":true,"statementMap":{},"s":{},"branchMap":{"0":{"type":"branch","line":1,"loc":{"start":{"line":1,"column":109},"end":{"line":7,"column":1}},"locations":[{"start":{"line":1,"column":109},"end":{"line":7,"column":1}}]}},"b":{"0":[1]},"fnMap":{"0":{"name":"(empty-report)","decl":{"start":{"line":1,"column":109},"end":{"line":7,"column":1}},"loc":{"start":{"line":1,"column":109},"end":{"line":7,"column":1}},"line":1}},"f":{"0":1}}
,"/home/lucas/Documentos/projetos/modelagem-dominio/timebudget/src/contexts/basic/domain/entities/Client.ts": {"path":"/home/lucas/Documentos/projetos/modelagem-dominio/timebudget/src/contexts/basic/domain/entities/Client.ts","all":false,"statementMap":{"0":{"start":{"line":1,"column":0},"end":{"line":1,"column":51}},"1":{"start":{"line":2,"column":0},"end":{"line":2,"column":55}},"2":{"start":{"line":3,"column":0},"end":{"line":3,"column":51}},"3":{"start":{"line":4,"column":0},"end":{"line":4,"column":52}},"5":{"start":{"line":6,"column":0},"end":{"line":6,"column":21}},"14":{"start":{"line":15,"column":0},"end":{"line":15,"column":14}},"15":{"start":{"line":16,"column":0},"end":{"line":16,"column":16}},"16":{"start":{"line":17,"column":0},"end":{"line":17,"column":17}},"17":{"start":{"line":18,"column":0},"end":{"line":18,"column":18}},"18":{"start":{"line":19,"column":0},"end":{"line":19,"column":20}},"19":{"start":{"line":20,"column":0},"end":{"line":20,"column":27}},"20":{"start":{"line":21,"column":0},"end":{"line":21,"column":16}},"21":{"start":{"line":22,"column":0},"end":{"line":22,"column":16}},"22":{"start":{"line":23,"column":0},"end":{"line":23,"column":5}},"23":{"start":{"line":24,"column":0},"end":{"line":24,"column":47}},"24":{"start":{"line":25,"column":0},"end":{"line":25,"column":47}},"25":{"start":{"line":26,"column":0},"end":{"line":26,"column":5}},"27":{"start":{"line":28,"column":0},"end":{"line":28,"column":30}},"28":{"start":{"line":29,"column":0},"end":{"line":29,"column":28}},"29":{"start":{"line":30,"column":0},"end":{"line":30,"column":21}},"30":{"start":{"line":31,"column":0},"end":{"line":31,"column":34}},"31":{"start":{"line":32,"column":0},"end":{"line":32,"column":27}},"32":{"start":{"line":33,"column":0},"end":{"line":33,"column":41}},"33":{"start":{"line":34,"column":0},"end":{"line":34,"column":28}},"34":{"start":{"line":35,"column":0},"end":{"line":35,"column":3}},"36":{"start":{"line":37,"column":0},"end":{"line":37,"column":35}},"37":{"start":{"line":38,"column":0},"end":{"line":38,"column":19}},"38":{"start":{"line":39,"column":0},"end":{"line":39,"column":3}},"39":{"start":{"line":40,"column":0},"end":{"line":40,"column":24}},"40":{"start":{"line":41,"column":0},"end":{"line":41,"column":27}},"41":{"start":{"line":42,"column":0},"end":{"line":42,"column":3}},"42":{"start":{"line":43,"column":0},"end":{"line":43,"column":25}},"43":{"start":{"line":44,"column":0},"end":{"line":44,"column":21}},"44":{"start":{"line":45,"column":0},"end":{"line":45,"column":3}},"45":{"start":{"line":46,"column":0},"end":{"line":46,"column":26}},"46":{"start":{"line":47,"column":0},"end":{"line":47,"column":31}},"47":{"start":{"line":48,"column":0},"end":{"line":48,"column":3}},"48":{"start":{"line":49,"column":0},"end":{"line":49,"column":28}},"49":{"start":{"line":50,"column":0},"end":{"line":50,"column":24}},"50":{"start":{"line":51,"column":0},"end":{"line":51,"column":3}},"51":{"start":{"line":52,"column":0},"end":{"line":52,"column":34}},"52":{"start":{"line":53,"column":0},"end":{"line":53,"column":31}},"53":{"start":{"line":54,"column":0},"end":{"line":54,"column":3}},"54":{"start":{"line":55,"column":0},"end":{"line":55,"column":24}},"55":{"start":{"line":56,"column":0},"end":{"line":56,"column":27}},"56":{"start":{"line":57,"column":0},"end":{"line":57,"column":3}},"58":{"start":{"line":59,"column":0},"end":{"line":59,"column":41}},"59":{"start":{"line":60,"column":0},"end":{"line":60,"column":29}},"60":{"start":{"line":61,"column":0},"end":{"line":61,"column":21}},"61":{"start":{"line":62,"column":0},"end":{"line":62,"column":3}},"63":{"start":{"line":64,"column":0},"end":{"line":64,"column":43}},"64":{"start":{"line":65,"column":0},"end":{"line":65,"column":34}},"65":{"start":{"line":66,"column":0},"end":{"line":66,"column":3}},"67":{"start":{"line":68,"column":0},"end":{"line":68,"column":39}},"68":{"start":{"line":69,"column":0},"end":{"line":69,"column":28}},"69":{"start":{"line":70,"column":0},"end":{"line":70,"column":3}},"71":{"start":{"line":72,"column":0},"end":{"line":72,"column":39}},"72":{"start":{"line":73,"column":0},"end":{"line":73,"column":28}},"73":{"start":{"line":74,"column":0},"end":{"line":74,"column":28}},"74":{"start":{"line":75,"column":0},"end":{"line":75,"column":3}},"76":{"start":{"line":77,"column":0},"end":{"line":77,"column":47}},"77":{"start":{"line":78,"column":0},"end":{"line":78,"column":32}},"78":{"start":{"line":79,"column":0},"end":{"line":79,"column":27}},"79":{"start":{"line":80,"column":0},"end":{"line":80,"column":3}},"81":{"start":{"line":82,"column":0},"end":{"line":82,"column":60}},"82":{"start":{"line":83,"column":0},"end":{"line":83,"column":39}},"83":{"start":{"line":84,"column":0},"end":{"line":84,"column":41}},"84":{"start":{"line":85,"column":0},"end":{"line":85,"column":3}},"86":{"start":{"line":87,"column":0},"end":{"line":87,"column":49}},"87":{"start":{"line":88,"column":0},"end":{"line":88,"column":17}},"88":{"start":{"line":89,"column":0},"end":{"line":89,"column":43}},"89":{"start":{"line":90,"column":0},"end":{"line":90,"column":5}},"90":{"start":{"line":91,"column":0},"end":{"line":91,"column":3}},"91":{"start":{"line":92,"column":0},"end":{"line":92,"column":1}}},"s":{"0":1,"1":1,"2":1,"3":1,"5":1,"14":1,"15":15,"16":15,"17":15,"18":15,"19":15,"20":15,"21":15,"22":15,"23":15,"24":3,"25":3,"27":15,"28":15,"29":15,"30":15,"31":15,"32":15,"33":15,"34":15,"36":1,"37":1,"38":1,"39":1,"40":3,"41":3,"42":1,"43":3,"44":3,"45":1,"46":3,"47":3,"48":1,"49":3,"50":3,"51":1,"52":3,"53":3,"54":1,"55":3,"56":3,"58":1,"59":2,"60":2,"61":2,"63":1,"64":1,"65":1,"67":1,"68":1,"69":1,"71":1,"72":1,"73":1,"74":1,"76":1,"77":1,"78":1,"79":1,"81":1,"82":1,"83":1,"84":1,"86":1,"87":5,"88":1,"89":1,"90":5,"91":1},"branchMap":{"0":{"type":"branch","line":15,"loc":{"start":{"line":15,"column":2},"end":{"line":35,"column":3}},"locations":[{"start":{"line":15,"column":2},"end":{"line":35,"column":3}}]},"1":{"type":"branch","line":24,"loc":{"start":{"line":24,"column":9},"end":{"line":24,"column":29}},"locations":[{"start":{"line":24,"column":9},"end":{"line":24,"column":29}}]},"2":{"type":"branch","line":24,"loc":{"start":{"line":24,"column":18},"end":{"line":24,"column":46}},"locations":[{"start":{"line":24,"column":18},"end":{"line":24,"column":46}}]},"3":{"type":"branch","line":24,"loc":{"start":{"line":24,"column":46},"end":{"line":26,"column":5}},"locations":[{"start":{"line":24,"column":46},"end":{"line":26,"column":5}}]},"4":{"type":"branch","line":26,"loc":{"start":{"line":26,"column":4},"end":{"line":28,"column":20}},"locations":[{"start":{"line":26,"column":4},"end":{"line":28,"column":20}}]},"5":{"type":"branch","line":28,"loc":{"start":{"line":28,"column":14},"end":{"line":28,"column":30}},"locations":[{"start":{"line":28,"column":14},"end":{"line":28,"column":30}}]},"6":{"type":"branch","line":37,"loc":{"start":{"line":37,"column":2},"end":{"line":39,"column":3}},"locations":[{"start":{"line":37,"column":2},"end":{"line":39,"column":3}}]},"7":{"type":"branch","line":40,"loc":{"start":{"line":40,"column":2},"end":{"line":42,"column":3}},"locations":[{"start":{"line":40,"column":2},"end":{"line":42,"column":3}}]},"8":{"type":"branch","line":43,"loc":{"start":{"line":43,"column":2},"end":{"line":45,"column":3}},"locations":[{"start":{"line":43,"column":2},"end":{"line":45,"column":3}}]},"9":{"type":"branch","line":46,"loc":{"start":{"line":46,"column":2},"end":{"line":48,"column":3}},"locations":[{"start":{"line":46,"column":2},"end":{"line":48,"column":3}}]},"10":{"type":"branch","line":49,"loc":{"start":{"line":49,"column":2},"end":{"line":51,"column":3}},"locations":[{"start":{"line":49,"column":2},"end":{"line":51,"column":3}}]},"11":{"type":"branch","line":52,"loc":{"start":{"line":52,"column":2},"end":{"line":54,"column":3}},"locations":[{"start":{"line":52,"column":2},"end":{"line":54,"column":3}}]},"12":{"type":"branch","line":55,"loc":{"start":{"line":55,"column":2},"end":{"line":57,"column":3}},"locations":[{"start":{"line":55,"column":2},"end":{"line":57,"column":3}}]},"13":{"type":"branch","line":59,"loc":{"start":{"line":59,"column":9},"end":{"line":62,"column":3}},"locations":[{"start":{"line":59,"column":9},"end":{"line":62,"column":3}}]},"14":{"type":"branch","line":64,"loc":{"start":{"line":64,"column":9},"end":{"line":66,"column":3}},"locations":[{"start":{"line":64,"column":9},"end":{"line":66,"column":3}}]},"15":{"type":"branch","line":68,"loc":{"start":{"line":68,"column":9},"end":{"line":70,"column":3}},"locations":[{"start":{"line":68,"column":9},"end":{"line":70,"column":3}}]},"16":{"type":"branch","line":72,"loc":{"start":{"line":72,"column":9},"end":{"line":75,"column":3}},"locations":[{"start":{"line":72,"column":9},"end":{"line":75,"column":3}}]},"17":{"type":"branch","line":77,"loc":{"start":{"line":77,"column":9},"end":{"line":80,"column":3}},"locations":[{"start":{"line":77,"column":9},"end":{"line":80,"column":3}}]},"18":{"type":"branch","line":82,"loc":{"start":{"line":82,"column":9},"end":{"line":85,"column":3}},"locations":[{"start":{"line":82,"column":9},"end":{"line":85,"column":3}}]},"19":{"type":"branch","line":87,"loc":{"start":{"line":87,"column":10},"end":{"line":91,"column":3}},"locations":[{"start":{"line":87,"column":10},"end":{"line":91,"column":3}}]},"20":{"type":"branch","line":88,"loc":{"start":{"line":88,"column":16},"end":{"line":90,"column":5}},"locations":[{"start":{"line":88,"column":16},"end":{"line":90,"column":5}}]}},"b":{"0":[15],"1":[14],"2":[13],"3":[3],"4":[12],"5":[1],"6":[1],"7":[3],"8":[3],"9":[3],"10":[3],"11":[3],"12":[3],"13":[2],"14":[1],"15":[1],"16":[1],"17":[1],"18":[1],"19":[5],"20":[1]},"fnMap":{"0":{"name":"Client","decl":{"start":{"line":15,"column":2},"end":{"line":35,"column":3}},"loc":{"start":{"line":15,"column":2},"end":{"line":35,"column":3}},"line":15},"1":{"name":"get getId","decl":{"start":{"line":37,"column":2},"end":{"line":39,"column":3}},"loc":{"start":{"line":37,"column":2},"end":{"line":39,"column":3}},"line":37},"2":{"name":"get getCPF","decl":{"start":{"line":40,"column":2},"end":{"line":42,"column":3}},"loc":{"start":{"line":40,"column":2},"end":{"line":42,"column":3}},"line":40},"3":{"name":"get getName","decl":{"start":{"line":43,"column":2},"end":{"line":45,"column":3}},"loc":{"start":{"line":43,"column":2},"end":{"line":45,"column":3}},"line":43},"4":{"name":"get getEmail","decl":{"start":{"line":46,"column":2},"end":{"line":48,"column":3}},"loc":{"start":{"line":46,"column":2},"end":{"line":48,"column":3}},"line":46},"5":{"name":"get getAddress","decl":{"start":{"line":49,"column":2},"end":{"line":51,"column":3}},"loc":{"start":{"line":49,"column":2},"end":{"line":51,"column":3}},"line":49},"6":{"name":"get getAddressNumber","decl":{"start":{"line":52,"column":2},"end":{"line":54,"column":3}},"loc":{"start":{"line":52,"column":2},"end":{"line":54,"column":3}},"line":52},"7":{"name":"get getCep","decl":{"start":{"line":55,"column":2},"end":{"line":57,"column":3}},"loc":{"start":{"line":55,"column":2},"end":{"line":57,"column":3}},"line":55},"8":{"name":"changeName","decl":{"start":{"line":59,"column":9},"end":{"line":62,"column":3}},"loc":{"start":{"line":59,"column":9},"end":{"line":62,"column":3}},"line":59},"9":{"name":"changeEmail","decl":{"start":{"line":64,"column":9},"end":{"line":66,"column":3}},"loc":{"start":{"line":64,"column":9},"end":{"line":66,"column":3}},"line":64},"10":{"name":"changeCPF","decl":{"start":{"line":68,"column":9},"end":{"line":70,"column":3}},"loc":{"start":{"line":68,"column":9},"end":{"line":70,"column":3}},"line":68},"11":{"name":"changeCEP","decl":{"start":{"line":72,"column":9},"end":{"line":75,"column":3}},"loc":{"start":{"line":72,"column":9},"end":{"line":75,"column":3}},"line":72},"12":{"name":"changeAddress","decl":{"start":{"line":77,"column":9},"end":{"line":80,"column":3}},"loc":{"start":{"line":77,"column":9},"end":{"line":80,"column":3}},"line":77},"13":{"name":"changeAddressNumber","decl":{"start":{"line":82,"column":9},"end":{"line":85,"column":3}},"loc":{"start":{"line":82,"column":9},"end":{"line":85,"column":3}},"line":82},"14":{"name":"requiredField","decl":{"start":{"line":87,"column":10},"end":{"line":91,"column":3}},"loc":{"start":{"line":87,"column":10},"end":{"line":91,"column":3}},"line":87}},"f":{"0":15,"1":1,"2":3,"3":3,"4":3,"5":3,"6":3,"7":3,"8":2,"9":1,"10":1,"11":1,"12":1,"13":1,"14":5}}
,"/home/lucas/Documentos/projetos/modelagem-dominio/timebudget/src/contexts/basic/domain/entities/Piece.ts": {"path":"/home/lucas/Documentos/projetos/modelagem-dominio/timebudget/src/contexts/basic/domain/entities/Piece.ts","all":false,"statementMap":{"0":{"start":{"line":1,"column":0},"end":{"line":1,"column":20}},"3":{"start":{"line":4,"column":0},"end":{"line":4,"column":67}},"6":{"start":{"line":7,"column":0},"end":{"line":7,"column":80}},"7":{"start":{"line":8,"column":0},"end":{"line":8,"column":16}},"8":{"start":{"line":9,"column":0},"end":{"line":9,"column":46}},"9":{"start":{"line":10,"column":0},"end":{"line":10,"column":5}},"11":{"start":{"line":12,"column":0},"end":{"line":12,"column":17}},"12":{"start":{"line":13,"column":0},"end":{"line":13,"column":21}},"13":{"start":{"line":14,"column":0},"end":{"line":14,"column":36}},"14":{"start":{"line":15,"column":0},"end":{"line":15,"column":39}},"15":{"start":{"line":16,"column":0},"end":{"line":16,"column":3}},"17":{"start":{"line":18,"column":0},"end":{"line":18,"column":38}},"18":{"start":{"line":19,"column":0},"end":{"line":19,"column":19}},"19":{"start":{"line":20,"column":0},"end":{"line":20,"column":3}},"21":{"start":{"line":22,"column":0},"end":{"line":22,"column":28}},"22":{"start":{"line":23,"column":0},"end":{"line":23,"column":21}},"23":{"start":{"line":24,"column":0},"end":{"line":24,"column":3}},"25":{"start":{"line":26,"column":0},"end":{"line":26,"column":32}},"26":{"start":{"line":27,"column":0},"end":{"line":27,"column":25}},"27":{"start":{"line":28,"column":0},"end":{"line":28,"column":3}},"29":{"start":{"line":30,"column":0},"end":{"line":30,"column":33}},"30":{"start":{"line":31,"column":0},"end":{"line":31,"column":27}},"31":{"start":{"line":32,"column":0},"end":{"line":32,"column":3}},"33":{"start":{"line":34,"column":0},"end":{"line":34,"column":49}},"34":{"start":{"line":35,"column":0},"end":{"line":35,"column":36}},"35":{"start":{"line":36,"column":0},"end":{"line":36,"column":3}},"37":{"start":{"line":38,"column":0},"end":{"line":38,"column":52}},"38":{"start":{"line":39,"column":0},"end":{"line":39,"column":24}},"39":{"start":{"line":40,"column":0},"end":{"line":40,"column":68}},"40":{"start":{"line":41,"column":0},"end":{"line":41,"column":5}},"41":{"start":{"line":42,"column":0},"end":{"line":42,"column":29}},"42":{"start":{"line":43,"column":0},"end":{"line":43,"column":3}},"44":{"start":{"line":45,"column":0},"end":{"line":45,"column":52}},"45":{"start":{"line":46,"column":0},"end":{"line":46,"column":39}},"46":{"start":{"line":47,"column":0},"end":{"line":47,"column":3}},"48":{"start":{"line":49,"column":0},"end":{"line":49,"column":55}},"49":{"start":{"line":50,"column":0},"end":{"line":50,"column":25}},"50":{"start":{"line":51,"column":0},"end":{"line":51,"column":62}},"51":{"start":{"line":52,"column":0},"end":{"line":52,"column":5}},"53":{"start":{"line":54,"column":0},"end":{"line":54,"column":33}},"54":{"start":{"line":55,"column":0},"end":{"line":55,"column":3}},"55":{"start":{"line":56,"column":0},"end":{"line":56,"column":1}}},"s":{"0":1,"3":1,"6":1,"7":9,"8":1,"9":1,"11":8,"12":8,"13":8,"14":8,"15":9,"17":1,"18":12,"19":12,"21":1,"22":3,"23":3,"25":1,"26":4,"27":4,"29":1,"30":4,"31":4,"33":1,"34":1,"35":1,"37":1,"38":9,"39":1,"40":1,"41":8,"42":9,"44":1,"45":1,"46":1,"48":1,"49":8,"50":1,"51":1,"53":7,"54":8,"55":1},"branchMap":{"0":{"type":"branch","line":7,"loc":{"start":{"line":7,"column":2},"end":{"line":16,"column":3}},"locations":[{"start":{"line":7,"column":2},"end":{"line":16,"column":3}}]},"1":{"type":"branch","line":8,"loc":{"start":{"line":8,"column":15},"end":{"line":10,"column":5}},"locations":[{"start":{"line":8,"column":15},"end":{"line":10,"column":5}}]},"2":{"type":"branch","line":10,"loc":{"start":{"line":10,"column":4},"end":{"line":15,"column":39}},"locations":[{"start":{"line":10,"column":4},"end":{"line":15,"column":39}}]},"3":{"type":"branch","line":18,"loc":{"start":{"line":18,"column":9},"end":{"line":20,"column":3}},"locations":[{"start":{"line":18,"column":9},"end":{"line":20,"column":3}}]},"4":{"type":"branch","line":22,"loc":{"start":{"line":22,"column":9},"end":{"line":24,"column":3}},"locations":[{"start":{"line":22,"column":9},"end":{"line":24,"column":3}}]},"5":{"type":"branch","line":26,"loc":{"start":{"line":26,"column":9},"end":{"line":28,"column":3}},"locations":[{"start":{"line":26,"column":9},"end":{"line":28,"column":3}}]},"6":{"type":"branch","line":30,"loc":{"start":{"line":30,"column":9},"end":{"line":32,"column":3}},"locations":[{"start":{"line":30,"column":9},"end":{"line":32,"column":3}}]},"7":{"type":"branch","line":34,"loc":{"start":{"line":34,"column":9},"end":{"line":36,"column":3}},"locations":[{"start":{"line":34,"column":9},"end":{"line":36,"column":3}}]},"8":{"type":"branch","line":38,"loc":{"start":{"line":38,"column":10},"end":{"line":43,"column":3}},"locations":[{"start":{"line":38,"column":10},"end":{"line":43,"column":3}}]},"9":{"type":"branch","line":39,"loc":{"start":{"line":39,"column":23},"end":{"line":41,"column":5}},"locations":[{"start":{"line":39,"column":23},"end":{"line":41,"column":5}}]},"10":{"type":"branch","line":41,"loc":{"start":{"line":41,"column":4},"end":{"line":42,"column":29}},"locations":[{"start":{"line":41,"column":4},"end":{"line":42,"column":29}}]},"11":{"type":"branch","line":45,"loc":{"start":{"line":45,"column":9},"end":{"line":47,"column":3}},"locations":[{"start":{"line":45,"column":9},"end":{"line":47,"column":3}}]},"12":{"type":"branch","line":49,"loc":{"start":{"line":49,"column":10},"end":{"line":55,"column":3}},"locations":[{"start":{"line":49,"column":10},"end":{"line":55,"column":3}}]},"13":{"type":"branch","line":50,"loc":{"start":{"line":50,"column":24},"end":{"line":52,"column":5}},"locations":[{"start":{"line":50,"column":24},"end":{"line":52,"column":5}}]},"14":{"type":"branch","line":52,"loc":{"start":{"line":52,"column":4},"end":{"line":54,"column":33}},"locations":[{"start":{"line":52,"column":4},"end":{"line":54,"column":33}}]}},"b":{"0":[9],"1":[1],"2":[8],"3":[12],"4":[3],"5":[4],"6":[4],"7":[1],"8":[9],"9":[1],"10":[8],"11":[1],"12":[8],"13":[1],"14":[7]},"fnMap":{"0":{"name":"Piece","decl":{"start":{"line":7,"column":2},"end":{"line":16,"column":3}},"loc":{"start":{"line":7,"column":2},"end":{"line":16,"column":3}},"line":7},"1":{"name":"getId","decl":{"start":{"line":18,"column":9},"end":{"line":20,"column":3}},"loc":{"start":{"line":18,"column":9},"end":{"line":20,"column":3}},"line":18},"2":{"name":"getName","decl":{"start":{"line":22,"column":9},"end":{"line":24,"column":3}},"loc":{"start":{"line":22,"column":9},"end":{"line":24,"column":3}},"line":22},"3":{"name":"getQuantity","decl":{"start":{"line":26,"column":9},"end":{"line":28,"column":3}},"loc":{"start":{"line":26,"column":9},"end":{"line":28,"column":3}},"line":26},"4":{"name":"getUnitPrice","decl":{"start":{"line":30,"column":9},"end":{"line":32,"column":3}},"loc":{"start":{"line":30,"column":9},"end":{"line":32,"column":3}},"line":30},"5":{"name":"changeQuantity","decl":{"start":{"line":34,"column":9},"end":{"line":36,"column":3}},"loc":{"start":{"line":34,"column":9},"end":{"line":36,"column":3}},"line":34},"6":{"name":"validateQuantity","decl":{"start":{"line":38,"column":10},"end":{"line":43,"column":3}},"loc":{"start":{"line":38,"column":10},"end":{"line":43,"column":3}},"line":38},"7":{"name":"changeUnitPrice","decl":{"start":{"line":45,"column":9},"end":{"line":47,"column":3}},"loc":{"start":{"line":45,"column":9},"end":{"line":47,"column":3}},"line":45},"8":{"name":"validateUnitPrice","decl":{"start":{"line":49,"column":10},"end":{"line":55,"column":3}},"loc":{"start":{"line":49,"column":10},"end":{"line":55,"column":3}},"line":49}},"f":{"0":9,"1":12,"2":3,"3":4,"4":4,"5":1,"6":9,"7":1,"8":8}}
,"/home/lucas/Documentos/projetos/modelagem-dominio/timebudget/src/contexts/basic/domain/entities/Service.ts": {"path":"/home/lucas/Documentos/projetos/modelagem-dominio/timebudget/src/contexts/basic/domain/entities/Service.ts","all":false,"statementMap":{"2":{"start":{"line":3,"column":0},"end":{"line":3,"column":22}},"6":{"start":{"line":7,"column":0},"end":{"line":7,"column":67}},"10":{"start":{"line":11,"column":0},"end":{"line":11,"column":14}},"11":{"start":{"line":12,"column":0},"end":{"line":12,"column":17}},"12":{"start":{"line":13,"column":0},"end":{"line":13,"column":17}},"13":{"start":{"line":14,"column":0},"end":{"line":14,"column":23}},"14":{"start":{"line":15,"column":0},"end":{"line":15,"column":21}},"15":{"start":{"line":16,"column":0},"end":{"line":16,"column":21}},"16":{"start":{"line":17,"column":0},"end":{"line":17,"column":16}},"17":{"start":{"line":18,"column":0},"end":{"line":18,"column":5}},"18":{"start":{"line":19,"column":0},"end":{"line":19,"column":16}},"19":{"start":{"line":20,"column":0},"end":{"line":20,"column":94}},"20":{"start":{"line":21,"column":0},"end":{"line":21,"column":5}},"22":{"start":{"line":23,"column":0},"end":{"line":23,"column":17}},"23":{"start":{"line":24,"column":0},"end":{"line":24,"column":21}},"24":{"start":{"line":25,"column":0},"end":{"line":25,"column":27}},"25":{"start":{"line":26,"column":0},"end":{"line":26,"column":39}},"26":{"start":{"line":27,"column":0},"end":{"line":27,"column":36}},"27":{"start":{"line":28,"column":0},"end":{"line":28,"column":38}},"28":{"start":{"line":29,"column":0},"end":{"line":29,"column":3}},"30":{"start":{"line":31,"column":0},"end":{"line":31,"column":38}},"31":{"start":{"line":32,"column":0},"end":{"line":32,"column":19}},"32":{"start":{"line":33,"column":0},"end":{"line":33,"column":3}},"33":{"start":{"line":34,"column":0},"end":{"line":34,"column":28}},"34":{"start":{"line":35,"column":0},"end":{"line":35,"column":21}},"35":{"start":{"line":36,"column":0},"end":{"line":36,"column":3}},"36":{"start":{"line":37,"column":0},"end":{"line":37,"column":28}},"37":{"start":{"line":38,"column":0},"end":{"line":38,"column":21}},"38":{"start":{"line":39,"column":0},"end":{"line":39,"column":3}},"39":{"start":{"line":40,"column":0},"end":{"line":40,"column":33}},"40":{"start":{"line":41,"column":0},"end":{"line":41,"column":27}},"41":{"start":{"line":42,"column":0},"end":{"line":42,"column":3}},"42":{"start":{"line":43,"column":0},"end":{"line":43,"column":32}},"43":{"start":{"line":44,"column":0},"end":{"line":44,"column":25}},"44":{"start":{"line":45,"column":0},"end":{"line":45,"column":3}},"45":{"start":{"line":46,"column":0},"end":{"line":46,"column":43}},"46":{"start":{"line":47,"column":0},"end":{"line":47,"column":23}},"47":{"start":{"line":48,"column":0},"end":{"line":48,"column":3}},"50":{"start":{"line":51,"column":0},"end":{"line":51,"column":39}},"52":{"start":{"line":53,"column":0},"end":{"line":53,"column":87}},"53":{"start":{"line":54,"column":0},"end":{"line":54,"column":33}},"54":{"start":{"line":55,"column":0},"end":{"line":55,"column":65}},"55":{"start":{"line":56,"column":0},"end":{"line":56,"column":5}},"57":{"start":{"line":58,"column":0},"end":{"line":58,"column":29}},"58":{"start":{"line":59,"column":0},"end":{"line":59,"column":3}},"60":{"start":{"line":61,"column":0},"end":{"line":61,"column":45}},"61":{"start":{"line":62,"column":0},"end":{"line":62,"column":81}},"62":{"start":{"line":63,"column":0},"end":{"line":63,"column":34}},"63":{"start":{"line":64,"column":0},"end":{"line":64,"column":56}},"64":{"start":{"line":65,"column":0},"end":{"line":65,"column":5}},"66":{"start":{"line":67,"column":0},"end":{"line":67,"column":74}},"67":{"start":{"line":68,"column":0},"end":{"line":68,"column":3}},"70":{"start":{"line":71,"column":0},"end":{"line":71,"column":41}},"71":{"start":{"line":72,"column":0},"end":{"line":72,"column":27}},"72":{"start":{"line":73,"column":0},"end":{"line":73,"column":3}},"74":{"start":{"line":75,"column":0},"end":{"line":75,"column":44}},"75":{"start":{"line":76,"column":0},"end":{"line":76,"column":29}},"76":{"start":{"line":77,"column":0},"end":{"line":77,"column":65}},"77":{"start":{"line":78,"column":0},"end":{"line":78,"column":5}},"79":{"start":{"line":80,"column":0},"end":{"line":80,"column":21}},"80":{"start":{"line":81,"column":0},"end":{"line":81,"column":3}},"83":{"start":{"line":84,"column":0},"end":{"line":84,"column":49}},"84":{"start":{"line":85,"column":0},"end":{"line":85,"column":36}},"85":{"start":{"line":86,"column":0},"end":{"line":86,"column":3}},"87":{"start":{"line":88,"column":0},"end":{"line":88,"column":52}},"88":{"start":{"line":89,"column":0},"end":{"line":89,"column":37}},"89":{"start":{"line":90,"column":0},"end":{"line":90,"column":70}},"90":{"start":{"line":91,"column":0},"end":{"line":91,"column":5}},"92":{"start":{"line":93,"column":0},"end":{"line":93,"column":29}},"93":{"start":{"line":94,"column":0},"end":{"line":94,"column":3}},"96":{"start":{"line":97,"column":0},"end":{"line":97,"column":52}},"97":{"start":{"line":98,"column":0},"end":{"line":98,"column":39}},"98":{"start":{"line":99,"column":0},"end":{"line":99,"column":3}},"100":{"start":{"line":101,"column":0},"end":{"line":101,"column":55}},"101":{"start":{"line":102,"column":0},"end":{"line":102,"column":40}},"102":{"start":{"line":103,"column":0},"end":{"line":103,"column":58}},"103":{"start":{"line":104,"column":0},"end":{"line":104,"column":5}},"105":{"start":{"line":106,"column":0},"end":{"line":106,"column":33}},"106":{"start":{"line":107,"column":0},"end":{"line":107,"column":3}},"107":{"start":{"line":108,"column":0},"end":{"line":108,"column":1}}},"s":{"2":1,"6":1,"10":1,"11":14,"12":14,"13":14,"14":14,"15":14,"16":14,"17":14,"18":14,"19":1,"20":1,"22":13,"23":13,"24":13,"25":13,"26":13,"27":14,"28":14,"30":1,"31":4,"32":4,"33":1,"34":3,"35":3,"36":1,"37":5,"38":5,"39":1,"40":5,"41":5,"42":1,"43":5,"44":5,"45":1,"46":9,"47":9,"50":1,"52":2,"53":2,"54":1,"55":1,"57":2,"58":2,"60":1,"61":2,"62":2,"63":1,"64":1,"66":2,"67":2,"70":1,"71":1,"72":1,"74":1,"75":14,"76":2,"77":2,"79":12,"80":14,"83":1,"84":1,"85":1,"87":1,"88":11,"89":2,"90":2,"92":9,"93":11,"96":1,"97":1,"98":1,"100":1,"101":12,"102":1,"103":1,"105":11,"106":12,"107":1},"branchMap":{"0":{"type":"branch","line":11,"loc":{"start":{"line":11,"column":2},"end":{"line":29,"column":3}},"locations":[{"start":{"line":11,"column":2},"end":{"line":29,"column":3}}]},"1":{"type":"branch","line":19,"loc":{"start":{"line":19,"column":15},"end":{"line":21,"column":5}},"locations":[{"start":{"line":19,"column":15},"end":{"line":21,"column":5}}]},"2":{"type":"branch","line":21,"loc":{"start":{"line":21,"column":4},"end":{"line":28,"column":28}},"locations":[{"start":{"line":21,"column":4},"end":{"line":28,"column":28}}]},"3":{"type":"branch","line":28,"loc":{"start":{"line":28,"column":18},"end":{"line":28,"column":38}},"locations":[{"start":{"line":28,"column":18},"end":{"line":28,"column":38}}]},"4":{"type":"branch","line":31,"loc":{"start":{"line":31,"column":9},"end":{"line":33,"column":3}},"locations":[{"start":{"line":31,"column":9},"end":{"line":33,"column":3}}]},"5":{"type":"branch","line":34,"loc":{"start":{"line":34,"column":9},"end":{"line":36,"column":3}},"locations":[{"start":{"line":34,"column":9},"end":{"line":36,"column":3}}]},"6":{"type":"branch","line":37,"loc":{"start":{"line":37,"column":9},"end":{"line":39,"column":3}},"locations":[{"start":{"line":37,"column":9},"end":{"line":39,"column":3}}]},"7":{"type":"branch","line":40,"loc":{"start":{"line":40,"column":9},"end":{"line":42,"column":3}},"locations":[{"start":{"line":40,"column":9},"end":{"line":42,"column":3}}]},"8":{"type":"branch","line":43,"loc":{"start":{"line":43,"column":9},"end":{"line":45,"column":3}},"locations":[{"start":{"line":43,"column":9},"end":{"line":45,"column":3}}]},"9":{"type":"branch","line":46,"loc":{"start":{"line":46,"column":9},"end":{"line":48,"column":3}},"locations":[{"start":{"line":46,"column":9},"end":{"line":48,"column":3}}]},"10":{"type":"branch","line":51,"loc":{"start":{"line":51,"column":9},"end":{"line":59,"column":3}},"locations":[{"start":{"line":51,"column":9},"end":{"line":59,"column":3}}]},"11":{"type":"branch","line":54,"loc":{"start":{"line":54,"column":32},"end":{"line":58,"column":22}},"locations":[{"start":{"line":54,"column":32},"end":{"line":58,"column":22}}]},"12":{"type":"branch","line":53,"loc":{"start":{"line":53,"column":53},"end":{"line":53,"column":85}},"locations":[{"start":{"line":53,"column":53},"end":{"line":53,"column":85}}]},"13":{"type":"branch","line":61,"loc":{"start":{"line":61,"column":9},"end":{"line":68,"column":3}},"locations":[{"start":{"line":61,"column":9},"end":{"line":68,"column":3}}]},"14":{"type":"branch","line":62,"loc":{"start":{"line":62,"column":40},"end":{"line":62,"column":53}},"locations":[{"start":{"line":62,"column":40},"end":{"line":62,"column":53}}]},"15":{"type":"branch","line":63,"loc":{"start":{"line":63,"column":33},"end":{"line":67,"column":38}},"locations":[{"start":{"line":63,"column":33},"end":{"line":67,"column":38}}]},"16":{"type":"branch","line":62,"loc":{"start":{"line":62,"column":53},"end":{"line":62,"column":79}},"locations":[{"start":{"line":62,"column":53},"end":{"line":62,"column":79}}]},"17":{"type":"branch","line":67,"loc":{"start":{"line":67,"column":38},"end":{"line":67,"column":72}},"locations":[{"start":{"line":67,"column":38},"end":{"line":67,"column":72}}]},"18":{"type":"branch","line":71,"loc":{"start":{"line":71,"column":9},"end":{"line":73,"column":3}},"locations":[{"start":{"line":71,"column":9},"end":{"line":73,"column":3}}]},"19":{"type":"branch","line":75,"loc":{"start":{"line":75,"column":10},"end":{"line":81,"column":3}},"locations":[{"start":{"line":75,"column":10},"end":{"line":81,"column":3}}]},"20":{"type":"branch","line":76,"loc":{"start":{"line":76,"column":9},"end":{"line":76,"column":28}},"locations":[{"start":{"line":76,"column":9},"end":{"line":76,"column":28}}]},"21":{"type":"branch","line":76,"loc":{"start":{"line":76,"column":28},"end":{"line":78,"column":5}},"locations":[{"start":{"line":76,"column":28},"end":{"line":78,"column":5}}]},"22":{"type":"branch","line":78,"loc":{"start":{"line":78,"column":4},"end":{"line":80,"column":21}},"locations":[{"start":{"line":78,"column":4},"end":{"line":80,"column":21}}]},"23":{"type":"branch","line":84,"loc":{"start":{"line":84,"column":9},"end":{"line":86,"column":3}},"locations":[{"start":{"line":84,"column":9},"end":{"line":86,"column":3}}]},"24":{"type":"branch","line":88,"loc":{"start":{"line":88,"column":10},"end":{"line":94,"column":3}},"locations":[{"start":{"line":88,"column":10},"end":{"line":94,"column":3}}]},"25":{"type":"branch","line":89,"loc":{"start":{"line":89,"column":9},"end":{"line":89,"column":36}},"locations":[{"start":{"line":89,"column":9},"end":{"line":89,"column":36}}]},"26":{"type":"branch","line":89,"loc":{"start":{"line":89,"column":36},"end":{"line":91,"column":5}},"locations":[{"start":{"line":89,"column":36},"end":{"line":91,"column":5}}]},"27":{"type":"branch","line":91,"loc":{"start":{"line":91,"column":4},"end":{"line":93,"column":29}},"locations":[{"start":{"line":91,"column":4},"end":{"line":93,"column":29}}]},"28":{"type":"branch","line":97,"loc":{"start":{"line":97,"column":9},"end":{"line":99,"column":3}},"locations":[{"start":{"line":97,"column":9},"end":{"line":99,"column":3}}]},"29":{"type":"branch","line":101,"loc":{"start":{"line":101,"column":10},"end":{"line":107,"column":3}},"locations":[{"start":{"line":101,"column":10},"end":{"line":107,"column":3}}]},"30":{"type":"branch","line":102,"loc":{"start":{"line":102,"column":9},"end":{"line":102,"column":39}},"locations":[{"start":{"line":102,"column":9},"end":{"line":102,"column":39}}]},"31":{"type":"branch","line":102,"loc":{"start":{"line":102,"column":39},"end":{"line":104,"column":5}},"locations":[{"start":{"line":102,"column":39},"end":{"line":104,"column":5}}]},"32":{"type":"branch","line":104,"loc":{"start":{"line":104,"column":4},"end":{"line":106,"column":33}},"locations":[{"start":{"line":104,"column":4},"end":{"line":106,"column":33}}]}},"b":{"0":[14],"1":[1],"2":[13],"3":[2],"4":[4],"5":[3],"6":[5],"7":[5],"8":[5],"9":[9],"10":[2],"11":[1],"12":[2],"13":[2],"14":[1],"15":[1],"16":[1],"17":[2],"18":[1],"19":[14],"20":[13],"21":[2],"22":[12],"23":[1],"24":[11],"25":[10],"26":[2],"27":[9],"28":[1],"29":[12],"30":[11],"31":[1],"32":[11]},"fnMap":{"0":{"name":"Service","decl":{"start":{"line":11,"column":2},"end":{"line":29,"column":3}},"loc":{"start":{"line":11,"column":2},"end":{"line":29,"column":3}},"line":11},"1":{"name":"getId","decl":{"start":{"line":31,"column":9},"end":{"line":33,"column":3}},"loc":{"start":{"line":31,"column":9},"end":{"line":33,"column":3}},"line":31},"2":{"name":"getName","decl":{"start":{"line":34,"column":9},"end":{"line":36,"column":3}},"loc":{"start":{"line":34,"column":9},"end":{"line":36,"column":3}},"line":34},"3":{"name":"getTime","decl":{"start":{"line":37,"column":9},"end":{"line":39,"column":3}},"loc":{"start":{"line":37,"column":9},"end":{"line":39,"column":3}},"line":37},"4":{"name":"getUnitPrice","decl":{"start":{"line":40,"column":9},"end":{"line":42,"column":3}},"loc":{"start":{"line":40,"column":9},"end":{"line":42,"column":3}},"line":40},"5":{"name":"getQuantity","decl":{"start":{"line":43,"column":9},"end":{"line":45,"column":3}},"loc":{"start":{"line":43,"column":9},"end":{"line":45,"column":3}},"line":43},"6":{"name":"getPieces","decl":{"start":{"line":46,"column":9},"end":{"line":48,"column":3}},"loc":{"start":{"line":46,"column":9},"end":{"line":48,"column":3}},"line":46},"7":{"name":"addPiece","decl":{"start":{"line":51,"column":9},"end":{"line":59,"column":3}},"loc":{"start":{"line":51,"column":9},"end":{"line":59,"column":3}},"line":51},"8":{"name":"removePiece","decl":{"start":{"line":61,"column":9},"end":{"line":68,"column":3}},"loc":{"start":{"line":61,"column":9},"end":{"line":68,"column":3}},"line":61},"9":{"name":"changeTime","decl":{"start":{"line":71,"column":9},"end":{"line":73,"column":3}},"loc":{"start":{"line":71,"column":9},"end":{"line":73,"column":3}},"line":71},"10":{"name":"validateTime","decl":{"start":{"line":75,"column":10},"end":{"line":81,"column":3}},"loc":{"start":{"line":75,"column":10},"end":{"line":81,"column":3}},"line":75},"11":{"name":"changeQuantity","decl":{"start":{"line":84,"column":9},"end":{"line":86,"column":3}},"loc":{"start":{"line":84,"column":9},"end":{"line":86,"column":3}},"line":84},"12":{"name":"validateQuantity","decl":{"start":{"line":88,"column":10},"end":{"line":94,"column":3}},"loc":{"start":{"line":88,"column":10},"end":{"line":94,"column":3}},"line":88},"13":{"name":"changeUnitPrice","decl":{"start":{"line":97,"column":9},"end":{"line":99,"column":3}},"loc":{"start":{"line":97,"column":9},"end":{"line":99,"column":3}},"line":97},"14":{"name":"validateUnitPrice","decl":{"start":{"line":101,"column":10},"end":{"line":107,"column":3}},"loc":{"start":{"line":101,"column":10},"end":{"line":107,"column":3}},"line":101}},"f":{"0":14,"1":4,"2":3,"3":5,"4":5,"5":5,"6":9,"7":2,"8":2,"9":1,"10":14,"11":1,"12":11,"13":1,"14":12}}
,"/home/lucas/Documentos/projetos/modelagem-dominio/timebudget/src/contexts/basic/domain/entities/Vehicle.ts": {"path":"/home/lucas/Documentos/projetos/modelagem-dominio/timebudget/src/contexts/basic/domain/entities/Vehicle.ts","all":false,"statementMap":{"0":{"start":{"line":1,"column":0},"end":{"line":1,"column":56}},"2":{"start":{"line":3,"column":0},"end":{"line":3,"column":22}},"9":{"start":{"line":10,"column":0},"end":{"line":10,"column":15}},"10":{"start":{"line":11,"column":0},"end":{"line":11,"column":18}},"11":{"start":{"line":12,"column":0},"end":{"line":12,"column":18}},"12":{"start":{"line":13,"column":0},"end":{"line":13,"column":18}},"13":{"start":{"line":14,"column":0},"end":{"line":14,"column":17}},"14":{"start":{"line":15,"column":0},"end":{"line":15,"column":16}},"15":{"start":{"line":16,"column":0},"end":{"line":16,"column":5}},"16":{"start":{"line":17,"column":0},"end":{"line":17,"column":36}},"17":{"start":{"line":18,"column":0},"end":{"line":18,"column":80}},"18":{"start":{"line":19,"column":0},"end":{"line":19,"column":5}},"20":{"start":{"line":21,"column":0},"end":{"line":21,"column":17}},"21":{"start":{"line":22,"column":0},"end":{"line":22,"column":34}},"22":{"start":{"line":23,"column":0},"end":{"line":23,"column":23}},"23":{"start":{"line":24,"column":0},"end":{"line":24,"column":23}},"24":{"start":{"line":25,"column":0},"end":{"line":25,"column":21}},"25":{"start":{"line":26,"column":0},"end":{"line":26,"column":3}},"27":{"start":{"line":28,"column":0},"end":{"line":28,"column":35}},"28":{"start":{"line":29,"column":0},"end":{"line":29,"column":19}},"29":{"start":{"line":30,"column":0},"end":{"line":30,"column":3}},"30":{"start":{"line":31,"column":0},"end":{"line":31,"column":26}},"31":{"start":{"line":32,"column":0},"end":{"line":32,"column":31}},"32":{"start":{"line":33,"column":0},"end":{"line":33,"column":3}},"33":{"start":{"line":34,"column":0},"end":{"line":34,"column":26}},"34":{"start":{"line":35,"column":0},"end":{"line":35,"column":22}},"35":{"start":{"line":36,"column":0},"end":{"line":36,"column":3}},"36":{"start":{"line":37,"column":0},"end":{"line":37,"column":26}},"37":{"start":{"line":38,"column":0},"end":{"line":38,"column":22}},"38":{"start":{"line":39,"column":0},"end":{"line":39,"column":3}},"39":{"start":{"line":40,"column":0},"end":{"line":40,"column":25}},"40":{"start":{"line":41,"column":0},"end":{"line":41,"column":21}},"41":{"start":{"line":42,"column":0},"end":{"line":42,"column":3}},"43":{"start":{"line":44,"column":0},"end":{"line":44,"column":46}},"44":{"start":{"line":45,"column":0},"end":{"line":45,"column":37}},"45":{"start":{"line":46,"column":0},"end":{"line":46,"column":3}},"47":{"start":{"line":48,"column":0},"end":{"line":48,"column":46}},"48":{"start":{"line":49,"column":0},"end":{"line":49,"column":20}},"49":{"start":{"line":50,"column":0},"end":{"line":50,"column":43}},"50":{"start":{"line":51,"column":0},"end":{"line":51,"column":5}},"51":{"start":{"line":52,"column":0},"end":{"line":52,"column":26}},"52":{"start":{"line":53,"column":0},"end":{"line":53,"column":3}},"54":{"start":{"line":55,"column":0},"end":{"line":55,"column":46}},"55":{"start":{"line":56,"column":0},"end":{"line":56,"column":20}},"56":{"start":{"line":57,"column":0},"end":{"line":57,"column":43}},"57":{"start":{"line":58,"column":0},"end":{"line":58,"column":5}},"58":{"start":{"line":59,"column":0},"end":{"line":59,"column":26}},"59":{"start":{"line":60,"column":0},"end":{"line":60,"column":3}},"61":{"start":{"line":62,"column":0},"end":{"line":62,"column":44}},"62":{"start":{"line":63,"column":0},"end":{"line":63,"column":19}},"63":{"start":{"line":64,"column":0},"end":{"line":64,"column":42}},"64":{"start":{"line":65,"column":0},"end":{"line":65,"column":5}},"65":{"start":{"line":66,"column":0},"end":{"line":66,"column":24}},"66":{"start":{"line":67,"column":0},"end":{"line":67,"column":3}},"67":{"start":{"line":68,"column":0},"end":{"line":68,"column":1}}},"s":{"0":1,"2":1,"9":1,"10":15,"11":15,"12":15,"13":15,"14":15,"15":15,"16":15,"17":1,"18":1,"20":14,"21":14,"22":14,"23":14,"24":14,"25":15,"27":1,"28":2,"29":2,"30":1,"31":4,"32":4,"33":1,"34":3,"35":3,"36":1,"37":3,"38":3,"39":1,"40":3,"41":3,"43":1,"44":4,"45":4,"47":1,"48":2,"49":1,"50":1,"51":1,"52":2,"54":1,"55":2,"56":1,"57":1,"58":1,"59":2,"61":1,"62":2,"63":1,"64":1,"65":1,"66":2,"67":1},"branchMap":{"0":{"type":"branch","line":10,"loc":{"start":{"line":10,"column":2},"end":{"line":26,"column":3}},"locations":[{"start":{"line":10,"column":2},"end":{"line":26,"column":3}}]},"1":{"type":"branch","line":17,"loc":{"start":{"line":17,"column":19},"end":{"line":17,"column":35}},"locations":[{"start":{"line":17,"column":19},"end":{"line":17,"column":35}}]},"2":{"type":"branch","line":17,"loc":{"start":{"line":17,"column":35},"end":{"line":19,"column":5}},"locations":[{"start":{"line":17,"column":35},"end":{"line":19,"column":5}}]},"3":{"type":"branch","line":19,"loc":{"start":{"line":19,"column":4},"end":{"line":25,"column":21}},"locations":[{"start":{"line":19,"column":4},"end":{"line":25,"column":21}}]},"4":{"type":"branch","line":28,"loc":{"start":{"line":28,"column":2},"end":{"line":30,"column":3}},"locations":[{"start":{"line":28,"column":2},"end":{"line":30,"column":3}}]},"5":{"type":"branch","line":31,"loc":{"start":{"line":31,"column":2},"end":{"line":33,"column":3}},"locations":[{"start":{"line":31,"column":2},"end":{"line":33,"column":3}}]},"6":{"type":"branch","line":34,"loc":{"start":{"line":34,"column":2},"end":{"line":36,"column":3}},"locations":[{"start":{"line":34,"column":2},"end":{"line":36,"column":3}}]},"7":{"type":"branch","line":37,"loc":{"start":{"line":37,"column":2},"end":{"line":39,"column":3}},"locations":[{"start":{"line":37,"column":2},"end":{"line":39,"column":3}}]},"8":{"type":"branch","line":40,"loc":{"start":{"line":40,"column":2},"end":{"line":42,"column":3}},"locations":[{"start":{"line":40,"column":2},"end":{"line":42,"column":3}}]},"9":{"type":"branch","line":44,"loc":{"start":{"line":44,"column":9},"end":{"line":46,"column":3}},"locations":[{"start":{"line":44,"column":9},"end":{"line":46,"column":3}}]},"10":{"type":"branch","line":48,"loc":{"start":{"line":48,"column":9},"end":{"line":53,"column":3}},"locations":[{"start":{"line":48,"column":9},"end":{"line":53,"column":3}}]},"11":{"type":"branch","line":49,"loc":{"start":{"line":49,"column":19},"end":{"line":52,"column":26}},"locations":[{"start":{"line":49,"column":19},"end":{"line":52,"column":26}}]},"12":{"type":"branch","line":55,"loc":{"start":{"line":55,"column":9},"end":{"line":60,"column":3}},"locations":[{"start":{"line":55,"column":9},"end":{"line":60,"column":3}}]},"13":{"type":"branch","line":56,"loc":{"start":{"line":56,"column":19},"end":{"line":59,"column":26}},"locations":[{"start":{"line":56,"column":19},"end":{"line":59,"column":26}}]},"14":{"type":"branch","line":62,"loc":{"start":{"line":62,"column":9},"end":{"line":67,"column":3}},"locations":[{"start":{"line":62,"column":9},"end":{"line":67,"column":3}}]},"15":{"type":"branch","line":63,"loc":{"start":{"line":63,"column":18},"end":{"line":66,"column":24}},"locations":[{"start":{"line":63,"column":18},"end":{"line":66,"column":24}}]}},"b":{"0":[15],"1":[14],"2":[1],"3":[14],"4":[2],"5":[4],"6":[3],"7":[3],"8":[3],"9":[4],"10":[2],"11":[1],"12":[2],"13":[1],"14":[2],"15":[1]},"fnMap":{"0":{"name":"Vehicle","decl":{"start":{"line":10,"column":2},"end":{"line":26,"column":3}},"loc":{"start":{"line":10,"column":2},"end":{"line":26,"column":3}},"line":10},"1":{"name":"get getId","decl":{"start":{"line":28,"column":2},"end":{"line":30,"column":3}},"loc":{"start":{"line":28,"column":2},"end":{"line":30,"column":3}},"line":28},"2":{"name":"get getPlate","decl":{"start":{"line":31,"column":2},"end":{"line":33,"column":3}},"loc":{"start":{"line":31,"column":2},"end":{"line":33,"column":3}},"line":31},"3":{"name":"get getBrand","decl":{"start":{"line":34,"column":2},"end":{"line":36,"column":3}},"loc":{"start":{"line":34,"column":2},"end":{"line":36,"column":3}},"line":34},"4":{"name":"get getModel","decl":{"start":{"line":37,"column":2},"end":{"line":39,"column":3}},"loc":{"start":{"line":37,"column":2},"end":{"line":39,"column":3}},"line":37},"5":{"name":"get getYear","decl":{"start":{"line":40,"column":2},"end":{"line":42,"column":3}},"loc":{"start":{"line":40,"column":2},"end":{"line":42,"column":3}},"line":40},"6":{"name":"changePlate","decl":{"start":{"line":44,"column":9},"end":{"line":46,"column":3}},"loc":{"start":{"line":44,"column":9},"end":{"line":46,"column":3}},"line":44},"7":{"name":"changeBrand","decl":{"start":{"line":48,"column":9},"end":{"line":53,"column":3}},"loc":{"start":{"line":48,"column":9},"end":{"line":53,"column":3}},"line":48},"8":{"name":"changeModel","decl":{"start":{"line":55,"column":9},"end":{"line":60,"column":3}},"loc":{"start":{"line":55,"column":9},"end":{"line":60,"column":3}},"line":55},"9":{"name":"changeYear","decl":{"start":{"line":62,"column":9},"end":{"line":67,"column":3}},"loc":{"start":{"line":62,"column":9},"end":{"line":67,"column":3}},"line":62}},"f":{"0":15,"1":2,"2":4,"3":3,"4":3,"5":3,"6":4,"7":2,"8":2,"9":2}}
,"/home/lucas/Documentos/projetos/modelagem-dominio/timebudget/src/contexts/basic/domain/interfaces/IBudgetRepository.ts": {"path":"/home/lucas/Documentos/projetos/modelagem-dominio/timebudget/src/contexts/basic/domain/interfaces/IBudgetRepository.ts","all":true,"statementMap":{},"s":{},"branchMap":{"0":{"type":"branch","line":1,"loc":{"start":{"line":1,"column":256},"end":{"line":8,"column":1}},"locations":[{"start":{"line":1,"column":256},"end":{"line":8,"column":1}}]}},"b":{"0":[1]},"fnMap":{"0":{"name":"(empty-report)","decl":{"start":{"line":1,"column":256},"end":{"line":8,"column":1}},"loc":{"start":{"line":1,"column":256},"end":{"line":8,"column":1}},"line":1}},"f":{"0":1}}
,"/home/lucas/Documentos/projetos/modelagem-dominio/timebudget/src/contexts/basic/domain/interfaces/IClientRepository.ts": {"path":"/home/lucas/Documentos/projetos/modelagem-dominio/timebudget/src/contexts/basic/domain/interfaces/IClientRepository.ts","all":true,"statementMap":{},"s":{},"branchMap":{"0":{"type":"branch","line":1,"loc":{"start":{"line":1,"column":133},"end":{"line":5,"column":1}},"locations":[{"start":{"line":1,"column":133},"end":{"line":5,"column":1}}]}},"b":{"0":[1]},"fnMap":{"0":{"name":"(empty-report)","decl":{"start":{"line":1,"column":133},"end":{"line":5,"column":1}},"loc":{"start":{"line":1,"column":133},"end":{"line":5,"column":1}},"line":1}},"f":{"0":1}}
,"/home/lucas/Documentos/projetos/modelagem-dominio/timebudget/src/contexts/basic/domain/interfaces/IVehicleRepository.ts": {"path":"/home/lucas/Documentos/projetos/modelagem-dominio/timebudget/src/contexts/basic/domain/interfaces/IVehicleRepository.ts","all":true,"statementMap":{},"s":{},"branchMap":{"0":{"type":"branch","line":1,"loc":{"start":{"line":1,"column":137},"end":{"line":5,"column":1}},"locations":[{"start":{"line":1,"column":137},"end":{"line":5,"column":1}}]}},"b":{"0":[1]},"fnMap":{"0":{"name":"(empty-report)","decl":{"start":{"line":1,"column":137},"end":{"line":5,"column":1}},"loc":{"start":{"line":1,"column":137},"end":{"line":5,"column":1}},"line":1}},"f":{"0":1}}
,"/home/lucas/Documentos/projetos/modelagem-dominio/timebudget/src/contexts/basic/domain/value-objects/Money.ts": {"path":"/home/lucas/Documentos/projetos/modelagem-dominio/timebudget/src/contexts/basic/domain/value-objects/Money.ts","all":true,"statementMap":{"2":{"start":{"line":3,"column":0},"end":{"line":3,"column":20}},"5":{"start":{"line":6,"column":0},"end":{"line":6,"column":29}},"6":{"start":{"line":7,"column":0},"end":{"line":7,"column":30}},"7":{"start":{"line":8,"column":0},"end":{"line":8,"column":3}},"9":{"start":{"line":10,"column":0},"end":{"line":10,"column":46}},"10":{"start":{"line":11,"column":0},"end":{"line":11,"column":20}},"11":{"start":{"line":12,"column":0},"end":{"line":12,"column":64}},"12":{"start":{"line":13,"column":0},"end":{"line":13,"column":5}},"14":{"start":{"line":15,"column":0},"end":{"line":15,"column":36}},"15":{"start":{"line":16,"column":0},"end":{"line":16,"column":59}},"16":{"start":{"line":17,"column":0},"end":{"line":17,"column":5}},"18":{"start":{"line":19,"column":0},"end":{"line":19,"column":23}},"19":{"start":{"line":20,"column":0},"end":{"line":20,"column":3}},"21":{"start":{"line":22,"column":0},"end":{"line":22,"column":26}},"22":{"start":{"line":23,"column":0},"end":{"line":23,"column":22}},"23":{"start":{"line":24,"column":0},"end":{"line":24,"column":3}},"24":{"start":{"line":25,"column":0},"end":{"line":25,"column":1}}},"s":{"2":0,"5":0,"6":0,"7":0,"9":0,"10":0,"11":0,"12":0,"14":0,"15":0,"16":0,"18":0,"19":0,"21":0,"22":0,"23":0,"24":0},"branchMap":{"0":{"type":"branch","line":1,"loc":{"start":{"line":1,"column":447},"end":{"line":25,"column":1}},"locations":[{"start":{"line":1,"column":447},"end":{"line":25,"column":1}}]}},"b":{"0":[1]},"fnMap":{"0":{"name":"(empty-report)","decl":{"start":{"line":1,"column":447},"end":{"line":25,"column":1}},"loc":{"start":{"line":1,"column":447},"end":{"line":25,"column":1}},"line":1}},"f":{"0":1}}
,"/home/lucas/Documentos/projetos/modelagem-dominio/timebudget/src/contexts/basic/domain/value-objects/Status.ts": {"path":"/home/lucas/Documentos/projetos/modelagem-dominio/timebudget/src/contexts/basic/domain/value-objects/Status.ts","all":true,"statementMap":{"0":{"start":{"line":1,"column":0},"end":{"line":1,"column":53}},"2":{"start":{"line":3,"column":0},"end":{"line":3,"column":21}},"5":{"start":{"line":6,"column":0},"end":{"line":6,"column":30}},"6":{"start":{"line":7,"column":0},"end":{"line":7,"column":17}},"7":{"start":{"line":8,"column":0},"end":{"line":8,"column":60}},"8":{"start":{"line":9,"column":0},"end":{"line":9,"column":5}},"10":{"start":{"line":11,"column":0},"end":{"line":11,"column":31}},"11":{"start":{"line":12,"column":0},"end":{"line":12,"column":24}},"12":{"start":{"line":13,"column":0},"end":{"line":13,"column":3}},"14":{"start":{"line":15,"column":0},"end":{"line":15,"column":47}},"15":{"start":{"line":16,"column":0},"end":{"line":16,"column":49}},"16":{"start":{"line":17,"column":0},"end":{"line":17,"column":50}},"17":{"start":{"line":18,"column":0},"end":{"line":18,"column":5}},"18":{"start":{"line":19,"column":0},"end":{"line":19,"column":3}},"20":{"start":{"line":21,"column":0},"end":{"line":21,"column":27}},"21":{"start":{"line":22,"column":0},"end":{"line":22,"column":23}},"22":{"start":{"line":23,"column":0},"end":{"line":23,"column":3}},"24":{"start":{"line":25,"column":0},"end":{"line":25,"column":32}},"25":{"start":{"line":26,"column":0},"end":{"line":26,"column":31}},"26":{"start":{"line":27,"column":0},"end":{"line":27,"column":24}},"27":{"start":{"line":28,"column":0},"end":{"line":28,"column":3}},"28":{"start":{"line":29,"column":0},"end":{"line":29,"column":1}}},"s":{"0":0,"2":0,"5":0,"6":0,"7":0,"8":0,"10":0,"11":0,"12":0,"14":0,"15":0,"16":0,"17":0,"18":0,"20":0,"21":0,"22":0,"24":0,"25":0,"26":0,"27":0,"28":0},"branchMap":{"0":{"type":"branch","line":1,"loc":{"start":{"line":1,"column":595},"end":{"line":29,"column":1}},"locations":[{"start":{"line":1,"column":595},"end":{"line":29,"column":1}}]}},"b":{"0":[0]},"fnMap":{"0":{"name":"(empty-report)","decl":{"start":{"line":1,"column":595},"end":{"line":29,"column":1}},"loc":{"start":{"line":1,"column":595},"end":{"line":29,"column":1}},"line":1}},"f":{"0":0}}
,"/home/lucas/Documentos/projetos/modelagem-dominio/timebudget/src/env/local.ts": {"path":"/home/lucas/Documentos/projetos/modelagem-dominio/timebudget/src/env/local.ts","all":true,"statementMap":{"0":{"start":{"line":1,"column":0},"end":{"line":1,"column":28}},"1":{"start":{"line":2,"column":0},"end":{"line":2,"column":16}},"3":{"start":{"line":4,"column":0},"end":{"line":4,"column":35}},"4":{"start":{"line":5,"column":0},"end":{"line":5,"column":51}},"6":{"start":{"line":7,"column":0},"end":{"line":7,"column":20}},"7":{"start":{"line":8,"column":0},"end":{"line":8,"column":7}},"8":{"start":{"line":9,"column":0},"end":{"line":9,"column":14}},"9":{"start":{"line":10,"column":0},"end":{"line":10,"column":1}}},"s":{"0":0,"1":0,"3":0,"4":0,"6":0,"7":0,"8":0,"9":0},"branchMap":{"0":{"type":"branch","line":1,"loc":{"start":{"line":1,"column":181},"end":{"line":10,"column":1}},"locations":[{"start":{"line":1,"column":181},"end":{"line":10,"column":1}}]}},"b":{"0":[0]},"fnMap":{"0":{"name":"(empty-report)","decl":{"start":{"line":1,"column":181},"end":{"line":10,"column":1}},"loc":{"start":{"line":1,"column":181},"end":{"line":10,"column":1}},"line":1}},"f":{"0":0}}
,"/home/lucas/Documentos/projetos/modelagem-dominio/timebudget/src/env/test.ts": {"path":"/home/lucas/Documentos/projetos/modelagem-dominio/timebudget/src/env/test.ts","all":true,"statementMap":{"0":{"start":{"line":1,"column":0},"end":{"line":1,"column":28}},"1":{"start":{"line":2,"column":0},"end":{"line":2,"column":16}},"3":{"start":{"line":4,"column":0},"end":{"line":4,"column":35}},"4":{"start":{"line":5,"column":0},"end":{"line":5,"column":53}},"6":{"start":{"line":7,"column":0},"end":{"line":7,"column":51}},"7":{"start":{"line":8,"column":0},"end":{"line":8,"column":49}},"9":{"start":{"line":10,"column":0},"end":{"line":10,"column":63}},"11":{"start":{"line":12,"column":0},"end":{"line":12,"column":24}},"12":{"start":{"line":13,"column":0},"end":{"line":13,"column":7}},"13":{"start":{"line":14,"column":0},"end":{"line":14,"column":16}},"14":{"start":{"line":15,"column":0},"end":{"line":15,"column":15}},"15":{"start":{"line":16,"column":0},"end":{"line":16,"column":14}},"16":{"start":{"line":17,"column":0},"end":{"line":17,"column":21}},"17":{"start":{"line":18,"column":0},"end":{"line":18,"column":1}}},"s":{"0":0,"1":0,"3":0,"4":0,"6":0,"7":0,"9":0,"11":0,"12":0,"13":0,"14":0,"15":0,"16":0,"17":0},"branchMap":{"0":{"type":"branch","line":1,"loc":{"start":{"line":1,"column":410},"end":{"line":18,"column":1}},"locations":[{"start":{"line":1,"column":410},"end":{"line":18,"column":1}}]}},"b":{"0":[0]},"fnMap":{"0":{"name":"(empty-report)","decl":{"start":{"line":1,"column":410},"end":{"line":18,"column":1}},"loc":{"start":{"line":1,"column":410},"end":{"line":18,"column":1}},"line":1}},"f":{"0":0}}
[...]
,"/home/lucas/Documentos/projetos/modelagem-dominio/timebudget/src/infrastructure/database/schema/budgets/clients.ts": {"path":"/home/lucas/Documentos/projetos/modelagem-dominio/timebudget/src/infrastructure/database/schema/budgets/clients.ts","all":true,"statementMap":{"0":{"start":{"line":1,"column":0},"end":{"line":1,"column":54}},"1":{"start":{"line":2,"column":0},"end":{"line":2,"column":49}},"3":{"start":{"line":4,"column":0},"end":{"line":4,"column":54}},"4":{"start":{"line":5,"column":0},"end":{"line":5,"column":111}},"5":{"start":{"line":6,"column":0},"end":{"line":6,"column":50}},"6":{"start":{"line":7,"column":0},"end":{"line":7,"column":41}},"7":{"start":{"line":8,"column":0},"end":{"line":8,"column":45}},"8":{"start":{"line":9,"column":0},"end":{"line":9,"column":40}},"9":{"start":{"line":10,"column":0},"end":{"line":10,"column":54}},"10":{"start":{"line":11,"column":0},"end":{"line":11,"column":32}},"11":{"start":{"line":12,"column":0},"end":{"line":12,"column":2}}},"s":{"0":0,"1":0,"3":0,"4":0,"5":0,"6":0,"7":0,"8":0,"9":0,"10":0,"11":0},"branchMap":{"0":{"type":"branch","line":1,"loc":{"start":{"line":1,"column":543},"end":{"line":12,"column":2}},"locations":[{"start":{"line":1,"column":543},"end":{"line":12,"column":2}}]}},"b":{"0":[0]},"fnMap":{"0":{"name":"(empty-report)","decl":{"start":{"line":1,"column":543},"end":{"line":12,"column":2}},"loc":{"start":{"line":1,"column":543},"end":{"line":12,"column":2}},"line":1}},"f":{"0":0}}
,"/home/lucas/Documentos/projetos/modelagem-dominio/timebudget/src/infrastructure/database/schema/budgets/schema.ts": {"path":"/home/lucas/Documentos/projetos/modelagem-dominio/timebudget/src/infrastructure/database/schema/budgets/schema.ts","all":true,"statementMap":{"1":{"start":{"line":2,"column":0},"end":{"line":2,"column":25}},"2":{"start":{"line":3,"column":0},"end":{"line":3,"column":25}},"3":{"start":{"line":4,"column":0},"end":{"line":4,"column":25}},"4":{"start":{"line":5,"column":0},"end":{"line":5,"column":30}}},"s":{"1":0,"2":0,"3":0,"4":0},"branchMap":{"0":{"type":"branch","line":1,"loc":{"start":{"line":1,"column":19},"end":{"line":5,"column":-53}},"locations":[{"start":{"line":1,"column":19},"end":{"line":5,"column":-53}}]}},"b":{"0":[1]},"fnMap":{"0":{"name":"(empty-report)","decl":{"start":{"line":1,"column":19},"end":{"line":5,"column":-53}},"loc":{"start":{"line":1,"column":19},"end":{"line":5,"column":-53}},"line":1}},"f":{"0":1}}
,"/home/lucas/Documentos/projetos/modelagem-dominio/timebudget/src/infrastructure/database/schema/budgets/vehicle.ts": {"path":"/home/lucas/Documentos/projetos/modelagem-dominio/timebudget/src/infrastructure/database/schema/budgets/vehicle.ts","all":true,"statementMap":{"0":{"start":{"line":1,"column":0},"end":{"line":1,"column":53}},"1":{"start":{"line":2,"column":0},"end":{"line":2,"column":45}},"3":{"start":{"line":4,"column":0},"end":{"line":4,"column":56}},"4":{"start":{"line":5,"column":0},"end":{"line":5,"column":32}},"5":{"start":{"line":6,"column":0},"end":{"line":6,"column":52}},"6":{"start":{"line":7,"column":0},"end":{"line":7,"column":52}},"7":{"start":{"line":8,"column":0},"end":{"line":8,"column":53}},"8":{"start":{"line":9,"column":0},"end":{"line":9,"column":49}},"9":{"start":{"line":10,"column":0},"end":{"line":10,"column":2}}},"s":{"0":0,"1":0,"3":0,"4":0,"5":0,"6":0,"7":0,"8":0,"9":0},"branchMap":{"0":{"type":"branch","line":1,"loc":{"start":{"line":1,"column":403},"end":{"line":10,"column":2}},"locations":[{"start":{"line":1,"column":403},"end":{"line":10,"column":2}}]}},"b":{"0":[0]},"fnMap":{"0":{"name":"(empty-report)","decl":{"start":{"line":1,"column":403},"end":{"line":10,"column":2}},"loc":{"start":{"line":1,"column":403},"end":{"line":10,"column":2}},"line":1}},"f":{"0":0}}
,"/home/lucas/Documentos/projetos/modelagem-dominio/timebudget/src/value-objects/CEP.ts": {"path":"/home/lucas/Documentos/projetos/modelagem-dominio/timebudget/src/value-objects/CEP.ts","all":false,"statementMap":{"0":{"start":{"line":1,"column":0},"end":{"line":1,"column":43}},"2":{"start":{"line":3,"column":0},"end":{"line":3,"column":18}},"5":{"start":{"line":6,"column":0},"end":{"line":6,"column":28}},"6":{"start":{"line":7,"column":0},"end":{"line":7,"column":26}},"7":{"start":{"line":8,"column":0},"end":{"line":8,"column":3}},"9":{"start":{"line":10,"column":0},"end":{"line":10,"column":42}},"10":{"start":{"line":11,"column":0},"end":{"line":11,"column":44}},"12":{"start":{"line":13,"column":0},"end":{"line":13,"column":30}},"13":{"start":{"line":14,"column":0},"end":{"line":14,"column":40}},"14":{"start":{"line":15,"column":0},"end":{"line":15,"column":5}},"16":{"start":{"line":17,"column":0},"end":{"line":17,"column":36}},"17":{"start":{"line":18,"column":0},"end":{"line":18,"column":3}},"19":{"start":{"line":20,"column":0},"end":{"line":20,"column":24}},"20":{"start":{"line":21,"column":0},"end":{"line":21,"column":20}},"21":{"start":{"line":22,"column":0},"end":{"line":22,"column":3}},"22":{"start":{"line":23,"column":0},"end":{"line":23,"column":1}}},"s":{"0":1,"2":1,"5":1,"6":11,"7":11,"9":1,"10":11,"12":11,"13":1,"14":1,"16":10,"17":11,"19":1,"20":3,"21":3,"22":1},"branchMap":{"0":{"type":"branch","line":6,"loc":{"start":{"line":6,"column":2},"end":{"line":8,"column":3}},"locations":[{"start":{"line":6,"column":2},"end":{"line":8,"column":3}}]},"1":{"type":"branch","line":10,"loc":{"start":{"line":10,"column":10},"end":{"line":18,"column":3}},"locations":[{"start":{"line":10,"column":10},"end":{"line":18,"column":3}}]},"2":{"type":"branch","line":13,"loc":{"start":{"line":13,"column":29},"end":{"line":15,"column":5}},"locations":[{"start":{"line":13,"column":29},"end":{"line":15,"column":5}}]},"3":{"type":"branch","line":15,"loc":{"start":{"line":15,"column":4},"end":{"line":17,"column":36}},"locations":[{"start":{"line":15,"column":4},"end":{"line":17,"column":36}}]},"4":{"type":"branch","line":20,"loc":{"start":{"line":20,"column":2},"end":{"line":22,"column":3}},"locations":[{"start":{"line":20,"column":2},"end":{"line":22,"column":3}}]}},"b":{"0":[11],"1":[11],"2":[1],"3":[10],"4":[3]},"fnMap":{"0":{"name":"CEP","decl":{"start":{"line":6,"column":2},"end":{"line":8,"column":3}},"loc":{"start":{"line":6,"column":2},"end":{"line":8,"column":3}},"line":6},"1":{"name":"validateCEP","decl":{"start":{"line":10,"column":10},"end":{"line":18,"column":3}},"loc":{"start":{"line":10,"column":10},"end":{"line":18,"column":3}},"line":10},"2":{"name":"get getCEP","decl":{"start":{"line":20,"column":2},"end":{"line":22,"column":3}},"loc":{"start":{"line":20,"column":2},"end":{"line":22,"column":3}},"line":20}},"f":{"0":11,"1":11,"2":3}}
,"/home/lucas/Documentos/projetos/modelagem-dominio/timebudget/src/value-objects/CPF.ts": {"path":"/home/lucas/Documentos/projetos/modelagem-dominio/timebudget/src/value-objects/CPF.ts","all":false,"statementMap":{"0":{"start":{"line":1,"column":0},"end":{"line":1,"column":18}},"3":{"start":{"line":4,"column":0},"end":{"line":4,"column":30}},"4":{"start":{"line":5,"column":0},"end":{"line":5,"column":17}},"5":{"start":{"line":6,"column":0},"end":{"line":6,"column":57}},"6":{"start":{"line":7,"column":0},"end":{"line":7,"column":5}},"8":{"start":{"line":9,"column":0},"end":{"line":9,"column":28}},"9":{"start":{"line":10,"column":0},"end":{"line":10,"column":21}},"10":{"start":{"line":11,"column":0},"end":{"line":11,"column":3}},"12":{"start":{"line":13,"column":0},"end":{"line":13,"column":44}},"13":{"start":{"line":14,"column":0},"end":{"line":14,"column":57}},"14":{"start":{"line":15,"column":0},"end":{"line":15,"column":32}},"15":{"start":{"line":16,"column":0},"end":{"line":16,"column":54}},"16":{"start":{"line":17,"column":0},"end":{"line":17,"column":5}},"17":{"start":{"line":18,"column":0},"end":{"line":18,"column":3}},"19":{"start":{"line":20,"column":0},"end":{"line":20,"column":24}},"20":{"start":{"line":21,"column":0},"end":{"line":21,"column":20}},"21":{"start":{"line":22,"column":0},"end":{"line":22,"column":3}},"23":{"start":{"line":24,"column":0},"end":{"line":24,"column":29}},"24":{"start":{"line":25,"column":0},"end":{"line":25,"column":28}},"25":{"start":{"line":26,"column":0},"end":{"line":26,"column":21}},"26":{"start":{"line":27,"column":0},"end":{"line":27,"column":3}},"27":{"start":{"line":28,"column":0},"end":{"line":28,"column":1}}},"s":{"0":1,"3":1,"4":13,"5":1,"6":1,"8":12,"9":12,"10":13,"12":1,"13":12,"14":12,"15":0,"16":0,"17":12,"19":1,"20":3,"21":3,"23":1,"24":0,"25":0,"26":0,"27":1},"branchMap":{"0":{"type":"branch","line":4,"loc":{"start":{"line":4,"column":2},"end":{"line":11,"column":3}},"locations":[{"start":{"line":4,"column":2},"end":{"line":11,"column":3}}]},"1":{"type":"branch","line":5,"loc":{"start":{"line":5,"column":16},"end":{"line":7,"column":5}},"locations":[{"start":{"line":5,"column":16},"end":{"line":7,"column":5}}]},"2":{"type":"branch","line":7,"loc":{"start":{"line":7,"column":4},"end":{"line":10,"column":21}},"locations":[{"start":{"line":7,"column":4},"end":{"line":10,"column":21}}]},"3":{"type":"branch","line":13,"loc":{"start":{"line":13,"column":10},"end":{"line":18,"column":3}},"locations":[{"start":{"line":13,"column":10},"end":{"line":18,"column":3}}]},"4":{"type":"branch","line":15,"loc":{"start":{"line":15,"column":31},"end":{"line":17,"column":5}},"locations":[{"start":{"line":15,"column":31},"end":{"line":17,"column":5}}]},"5":{"type":"branch","line":20,"loc":{"start":{"line":20,"column":2},"end":{"line":22,"column":3}},"locations":[{"start":{"line":20,"column":2},"end":{"line":22,"column":3}}]}},"b":{"0":[13],"1":[1],"2":[12],"3":[12],"4":[0],"5":[3]},"fnMap":{"0":{"name":"CPF","decl":{"start":{"line":4,"column":2},"end":{"line":11,"column":3}},"loc":{"start":{"line":4,"column":2},"end":{"line":11,"column":3}},"line":4},"1":{"name":"validateCPF","decl":{"start":{"line":13,"column":10},"end":{"line":18,"column":3}},"loc":{"start":{"line":13,"column":10},"end":{"line":18,"column":3}},"line":13},"2":{"name":"get getCPF","decl":{"start":{"line":20,"column":2},"end":{"line":22,"column":3}},"loc":{"start":{"line":20,"column":2},"end":{"line":22,"column":3}},"line":20},"3":{"name":"set setCPF","decl":{"start":{"line":24,"column":2},"end":{"line":27,"column":3}},"loc":{"start":{"line":24,"column":2},"end":{"line":27,"column":3}},"line":24}},"f":{"0":13,"1":12,"2":3,"3":0}}
,"/home/lucas/Documentos/projetos/modelagem-dominio/timebudget/src/value-objects/Email.ts": {"path":"/home/lucas/Documentos/projetos/modelagem-dominio/timebudget/src/value-objects/Email.ts","all":false,"statementMap":{"0":{"start":{"line":1,"column":0},"end":{"line":1,"column":43}},"2":{"start":{"line":3,"column":0},"end":{"line":3,"column":20}},"5":{"start":{"line":6,"column":0},"end":{"line":6,"column":30}},"6":{"start":{"line":7,"column":0},"end":{"line":7,"column":30}},"7":{"start":{"line":8,"column":0},"end":{"line":8,"column":3}},"9":{"start":{"line":10,"column":0},"end":{"line":10,"column":33}},"10":{"start":{"line":11,"column":0},"end":{"line":11,"column":22}},"11":{"start":{"line":12,"column":0},"end":{"line":12,"column":3}},"13":{"start":{"line":14,"column":0},"end":{"line":14,"column":46}},"14":{"start":{"line":15,"column":0},"end":{"line":15,"column":75}},"15":{"start":{"line":16,"column":0},"end":{"line":16,"column":42}},"16":{"start":{"line":17,"column":0},"end":{"line":17,"column":5}},"17":{"start":{"line":18,"column":0},"end":{"line":18,"column":23}},"18":{"start":{"line":19,"column":0},"end":{"line":19,"column":3}},"20":{"start":{"line":21,"column":0},"end":{"line":21,"column":48}},"21":{"start":{"line":22,"column":0},"end":{"line":22,"column":52}},"22":{"start":{"line":23,"column":0},"end":{"line":23,"column":34}},"23":{"start":{"line":24,"column":0},"end":{"line":24,"column":3}},"24":{"start":{"line":25,"column":0},"end":{"line":25,"column":1}}},"s":{"0":1,"2":1,"5":1,"6":12,"7":12,"9":1,"10":3,"11":3,"13":1,"14":12,"15":1,"16":1,"17":11,"18":12,"20":1,"21":11,"22":11,"23":11,"24":1},"branchMap":{"0":{"type":"branch","line":6,"loc":{"start":{"line":6,"column":2},"end":{"line":8,"column":3}},"locations":[{"start":{"line":6,"column":2},"end":{"line":8,"column":3}}]},"1":{"type":"branch","line":10,"loc":{"start":{"line":10,"column":2},"end":{"line":12,"column":3}},"locations":[{"start":{"line":10,"column":2},"end":{"line":12,"column":3}}]},"2":{"type":"branch","line":14,"loc":{"start":{"line":14,"column":10},"end":{"line":19,"column":3}},"locations":[{"start":{"line":14,"column":10},"end":{"line":19,"column":3}}]},"3":{"type":"branch","line":15,"loc":{"start":{"line":15,"column":9},"end":{"line":15,"column":47}},"locations":[{"start":{"line":15,"column":9},"end":{"line":15,"column":47}}]},"4":{"type":"branch","line":15,"loc":{"start":{"line":15,"column":35},"end":{"line":15,"column":74}},"locations":[{"start":{"line":15,"column":35},"end":{"line":15,"column":74}}]},"5":{"type":"branch","line":15,"loc":{"start":{"line":15,"column":74},"end":{"line":17,"column":5}},"locations":[{"start":{"line":15,"column":74},"end":{"line":17,"column":5}}]},"6":{"type":"branch","line":17,"loc":{"start":{"line":17,"column":4},"end":{"line":18,"column":23}},"locations":[{"start":{"line":17,"column":4},"end":{"line":18,"column":23}}]},"7":{"type":"branch","line":21,"loc":{"start":{"line":21,"column":10},"end":{"line":24,"column":3}},"locations":[{"start":{"line":21,"column":10},"end":{"line":24,"column":3}}]}},"b":{"0":[12],"1":[3],"2":[12],"3":[11],"4":[11],"5":[1],"6":[11],"7":[11]},"fnMap":{"0":{"name":"Email","decl":{"start":{"line":6,"column":2},"end":{"line":8,"column":3}},"loc":{"start":{"line":6,"column":2},"end":{"line":8,"column":3}},"line":6},"1":{"name":"get getEmail","decl":{"start":{"line":10,"column":2},"end":{"line":12,"column":3}},"loc":{"start":{"line":10,"column":2},"end":{"line":12,"column":3}},"line":10},"2":{"name":"validateEmail","decl":{"start":{"line":14,"column":10},"end":{"line":19,"column":3}},"loc":{"start":{"line":14,"column":10},"end":{"line":19,"column":3}},"line":14},"3":{"name":"isValidEmail","decl":{"start":{"line":21,"column":10},"end":{"line":24,"column":3}},"loc":{"start":{"line":21,"column":10},"end":{"line":24,"column":3}},"line":21}},"f":{"0":12,"1":3,"2":12,"3":11}}
,"/home/lucas/Documentos/projetos/modelagem-dominio/timebudget/src/value-objects/Plate.ts": {"path":"/home/lucas/Documentos/projetos/modelagem-dominio/timebudget/src/value-objects/Plate.ts","all":false,"statementMap":{"0":{"start":{"line":1,"column":0},"end":{"line":1,"column":43}},"2":{"start":{"line":3,"column":0},"end":{"line":3,"column":20}},"5":{"start":{"line":6,"column":0},"end":{"line":6,"column":30}},"6":{"start":{"line":7,"column":0},"end":{"line":7,"column":30}},"7":{"start":{"line":8,"column":0},"end":{"line":8,"column":3}},"9":{"start":{"line":10,"column":0},"end":{"line":10,"column":46}},"11":{"start":{"line":12,"column":0},"end":{"line":12,"column":72}},"12":{"start":{"line":13,"column":0},"end":{"line":13,"column":34}},"13":{"start":{"line":14,"column":0},"end":{"line":14,"column":42}},"14":{"start":{"line":15,"column":0},"end":{"line":15,"column":5}},"16":{"start":{"line":17,"column":0},"end":{"line":17,"column":49}},"17":{"start":{"line":18,"column":0},"end":{"line":18,"column":3}},"19":{"start":{"line":20,"column":0},"end":{"line":20,"column":26}},"20":{"start":{"line":21,"column":0},"end":{"line":21,"column":22}},"21":{"start":{"line":22,"column":0},"end":{"line":22,"column":3}},"23":{"start":{"line":24,"column":0},"end":{"line":24,"column":39}},"24":{"start":{"line":25,"column":0},"end":{"line":25,"column":33}},"25":{"start":{"line":26,"column":0},"end":{"line":26,"column":3}},"27":{"start":{"line":28,"column":0},"end":{"line":28,"column":46}},"28":{"start":{"line":29,"column":0},"end":{"line":29,"column":17}},"29":{"start":{"line":30,"column":0},"end":{"line":30,"column":47}},"30":{"start":{"line":31,"column":0},"end":{"line":31,"column":5}},"32":{"start":{"line":33,"column":0},"end":{"line":33,"column":30}},"33":{"start":{"line":34,"column":0},"end":{"line":34,"column":3}},"34":{"start":{"line":35,"column":0},"end":{"line":35,"column":1}}},"s":{"0":1,"2":1,"5":1,"6":18,"7":18,"9":1,"11":16,"12":16,"13":2,"14":2,"16":14,"17":16,"19":1,"20":4,"21":4,"23":1,"24":0,"25":0,"27":1,"28":18,"29":2,"30":2,"32":16,"33":18,"34":1},"branchMap":{"0":{"type":"branch","line":6,"loc":{"start":{"line":6,"column":2},"end":{"line":8,"column":3}},"locations":[{"start":{"line":6,"column":2},"end":{"line":8,"column":3}}]},"1":{"type":"branch","line":10,"loc":{"start":{"line":10,"column":10},"end":{"line":18,"column":3}},"locations":[{"start":{"line":10,"column":10},"end":{"line":18,"column":3}}]},"2":{"type":"branch","line":13,"loc":{"start":{"line":13,"column":33},"end":{"line":15,"column":5}},"locations":[{"start":{"line":13,"column":33},"end":{"line":15,"column":5}}]},"3":{"type":"branch","line":15,"loc":{"start":{"line":15,"column":4},"end":{"line":17,"column":49}},"locations":[{"start":{"line":15,"column":4},"end":{"line":17,"column":49}}]},"4":{"type":"branch","line":20,"loc":{"start":{"line":20,"column":2},"end":{"line":22,"column":3}},"locations":[{"start":{"line":20,"column":2},"end":{"line":22,"column":3}}]},"5":{"type":"branch","line":28,"loc":{"start":{"line":28,"column":10},"end":{"line":34,"column":3}},"locations":[{"start":{"line":28,"column":10},"end":{"line":34,"column":3}}]},"6":{"type":"branch","line":29,"loc":{"start":{"line":29,"column":16},"end":{"line":31,"column":5}},"locations":[{"start":{"line":29,"column":16},"end":{"line":31,"column":5}}]},"7":{"type":"branch","line":31,"loc":{"start":{"line":31,"column":4},"end":{"line":33,"column":30}},"locations":[{"start":{"line":31,"column":4},"end":{"line":33,"column":30}}]}},"b":{"0":[18],"1":[16],"2":[2],"3":[14],"4":[4],"5":[18],"6":[2],"7":[16]},"fnMap":{"0":{"name":"Plate","decl":{"start":{"line":6,"column":2},"end":{"line":8,"column":3}},"loc":{"start":{"line":6,"column":2},"end":{"line":8,"column":3}},"line":6},"1":{"name":"validatePlate","decl":{"start":{"line":10,"column":10},"end":{"line":18,"column":3}},"loc":{"start":{"line":10,"column":10},"end":{"line":18,"column":3}},"line":10},"2":{"name":"get getPlate","decl":{"start":{"line":20,"column":2},"end":{"line":22,"column":3}},"loc":{"start":{"line":20,"column":2},"end":{"line":22,"column":3}},"line":20},"3":{"name":"changePlate","decl":{"start":{"line":24,"column":2},"end":{"line":26,"column":3}},"loc":{"start":{"line":24,"column":2},"end":{"line":26,"column":3}},"line":24},"4":{"name":"requiredPlate","decl":{"start":{"line":28,"column":10},"end":{"line":34,"column":3}},"loc":{"start":{"line":28,"column":10},"end":{"line":34,"column":3}},"line":28}},"f":{"0":18,"1":16,"2":4,"3":0,"4":18}}
}
